IQ-TREE multicore version 2.1.2 COVID-edition for Linux 64-bit built Oct 22 2020
Developed by Bui Quang Minh, James Barbetti, Nguyen Lam Tung,
Olga Chernomor, Heiko Schmidt, Dominik Schrempf, Michael Woodhams.

Host:    b275def0b9e7 (AVX512, FMA3, 7 GB RAM)
Command: iqtree -ntmax 1 -s results/aligned-delim.fasta -m GTR -ninit 2 -n 2 -me 0.05 -nt AUTO -redo
Seed:    484819 (Using SPRNG - Scalable Parallel Random Number Generator)
Time:    Fri Jun 14 21:40:23 2024
Kernel:  AVX+FMA - auto-detect threads (8 CPU cores detected)

Reading alignment file results/aligned-delim.fasta ... Fasta format detected
Alignment most likely contains DNA/RNA sequences
Alignment has 582 sequences with 30119 columns, 3586 distinct patterns
1845 parsimony-informative, 1030 singleton sites, 27244 constant sites
           Gap/Ambiguity  Composition  p-value
   1  KC667074     0.02%    passed     99.53%
   2  KF600612     0.19%    passed     98.97%
   3  KF186564     0.13%    passed     99.07%
   4  KF192507     0.02%    passed     98.96%
   5  JX869059     0.00%    passed     96.78%
   6  KC164505     0.03%    passed     99.56%
   7  KC776174     0.30%    passed     98.12%
   8  KF600622    89.58%    failed      0.00%
   9  KF600623    69.65%    failed      0.00%
  10  KF600636    48.67%    failed      2.81%
  11  KF600648    85.63%    failed      2.52%
  12  KF811036    86.52%    failed      0.61%
  13  KF600620     0.23%    passed     98.72%
  14  KF600655    38.56%    failed      1.22%
  15  KF600652     0.12%    passed     98.80%
  16  KJ156903    89.94%    failed      1.72%
  17  KF745068     0.72%    passed     99.07%
  18  KF961221     0.12%    passed     99.72%
  19  KJ156888    37.40%    failed      1.10%
  20  KF917527     0.89%    passed     99.45%
  21  KF961222     0.11%    passed     99.65%
  22  KJ156944     0.21%    passed     99.73%
  23  KJ361499     3.63%    passed     94.91%
  24  KJ361500     2.83%    passed     99.99%
  25  KJ361501     0.90%    passed     98.60%
  26  KJ361503     0.26%    passed     99.06%
  27  KJ361502     1.32%    passed     96.94%
  28  KJ477102     0.70%    passed     99.62%
  29  KJ556336     0.76%    passed     99.57%
  30  KJ477103     0.06%    passed     99.76%
  31  KJ650098     0.01%    passed     99.65%
  32  KJ650297     0.05%    passed     99.40%
  33  KJ614529     0.08%    passed     98.45%
  34  KJ713295     0.02%    passed     99.78%
  35  KJ650296     0.07%    passed     99.44%
  36  KJ650295     0.06%    passed     99.44%
  37  KJ782549    86.52%    failed      0.71%
  38  KJ713297     0.02%    passed     99.92%
  39  KJ713298     0.12%    passed     99.55%
  40  KJ713296     0.02%    passed     99.80%
  41  KM027264    86.51%    failed      0.76%
  42  KM015348     0.26%    passed     99.24%
  43  KM027266    86.51%    failed      0.76%
  44  KM027268    86.51%    failed      0.70%
  45  KJ813439     0.01%    passed     99.55%
  46  KM027277    86.51%    failed      0.73%
  47  KM027260     0.81%    passed     99.37%
  48  KM027282    86.51%    failed      0.72%
  49  KJ713299     0.01%    passed     99.79%
  50  KJ829365     0.00%    passed     99.71%
  51  KM027255     0.67%    passed     99.67%
  52  KM027283    86.51%    failed      0.72%
  53  KP209307     0.00%    passed     99.40%
  54  KM210278     0.28%    passed     99.18%
  55  KP209309     0.00%    passed     99.45%
  56  KM210277     0.30%    passed     99.27%
  57  KP236092    86.52%    failed      0.63%
  58  KP209310     0.00%    passed     99.47%
  59  KP405227    86.51%    failed      0.84%
  60  KP405226    86.51%    failed      0.72%
  61  KP209312     0.00%    passed     99.56%
  62  KP405225    86.51%    failed      0.77%
  63  KP209313     0.00%    passed     99.41%
  64  KP223131     0.00%    passed     99.77%
  65  KP719928     1.86%    passed     99.65%
  66  KP719931     1.86%    passed     99.88%
  67  KP719929     1.86%    passed     99.68%
  68  KP719930     1.86%    passed     99.62%
  69  KP719927     1.86%    passed     99.61%
  70  KT003530    86.51%    failed      1.05%
  71  KP966104    86.51%    failed      0.74%
  72  KP719933     1.86%    passed     99.59%
  73  KP719932     1.86%    passed     99.85%
  74  KT006149     0.02%    passed     99.84%
  75  KT182953    86.51%    failed      0.75%
  76  KT182955    86.51%    failed      0.75%
  77  KT156560     0.00%    passed     99.51%
  78  KT121576     0.74%    passed     99.45%
  79  KT156561     0.00%    passed     99.53%
  80  KT036373     2.03%    passed     97.24%
  81  KT275306    70.28%    failed      0.00%
  82  KT275307    70.28%    failed      0.00%
  83  KT036372     0.63%    passed     99.72%
  84  KT036374     2.01%    passed     97.10%
  85  KT275308    70.28%    failed      0.00%
  86  KT326819     0.41%    passed     99.50%
  87  KT368824     0.01%    passed     99.76%
  88  KT225476     1.03%    passed     99.45%
  89  KT368825     0.00%    passed     99.78%
  90  KT368827     0.02%    passed     99.81%
  91  KT368826     0.00%    passed     99.83%
  92  KT368829     0.00%    passed     99.80%
  93  KT368830     0.00%    passed     99.80%
  94  KT368828     0.00%    passed     99.71%
  95  KT368832     0.00%    passed     99.80%
  96  KT368831     0.00%    passed     99.88%
  97  KT368833     0.00%    passed     99.79%
  98  KT368835     0.00%    passed     99.84%
  99  KT368836     0.00%    passed     99.82%
 100  KT368838     0.00%    passed     99.82%
 101  KT368834     0.03%    passed     99.92%
 102  KT368840     0.01%    passed     99.88%
 103  KT368841     0.03%    passed     99.95%
 104  KT368839     0.01%    passed     99.86%
 105  KT368837     0.01%    passed     99.86%
 106  KT368842     0.01%    passed     99.90%
 107  KT368843     0.00%    passed     99.71%
 108  KT368844     0.03%    passed     99.77%
 109  KT368845     0.01%    passed     99.78%
 110  KT368846     0.01%    passed     99.90%
 111  KT368848     0.00%    passed     99.84%
 112  KT368847     0.04%    passed     99.94%
 113  KT368850     0.00%    passed     99.77%
 114  KT368849     0.01%    passed     99.78%
 115  KT368851     0.00%    passed     99.78%
 116  KT368852     0.01%    passed     99.75%
 117  KT368853     0.04%    passed     99.91%
 118  KT368854     0.00%    passed     99.81%
 119  KT368855     0.01%    passed     99.87%
 120  KT368856     0.01%    passed     99.75%
 121  KT368857     0.00%    passed     99.73%
 122  KT368859     0.01%    passed     99.85%
 123  KT368860     0.00%    passed     99.80%
 124  KT368863     0.00%    passed     99.82%
 125  KT368864     0.00%    passed     99.82%
 126  KT368865     0.03%    passed     99.96%
 127  KT368858     0.02%    passed     99.91%
 128  KT368866     0.02%    passed     99.76%
 129  KT368861     0.00%    passed     99.76%
 130  KT368867     0.01%    passed     99.73%
 131  KT368869     0.04%    passed     99.76%
 132  KT368870     0.03%    passed     99.91%
 133  KT368871     0.00%    passed     99.81%
 134  KT368868     0.00%    passed     99.77%
 135  KT368873     0.01%    passed     99.77%
 136  KT368862     0.00%    passed     99.82%
 137  KT368874     0.01%    passed     99.77%
 138  KT368876     0.00%    passed     99.77%
 139  KT368877     0.00%    passed     99.77%
 140  KT368875     0.02%    passed     99.95%
 141  KT368878     0.01%    passed     99.91%
 142  KT368872     0.00%    passed     99.79%
 143  KT368880     0.00%    passed     99.80%
 144  KT368881     0.02%    passed     99.90%
 145  KT368882     0.00%    passed     99.78%
 146  KT368884     0.02%    passed     99.86%
 147  KT368879     0.04%    passed     99.80%
 148  KT368886     0.00%    passed     99.78%
 149  KT368887     0.02%    passed     99.67%
 150  KT368883     0.00%    passed     99.78%
 151  KT368888     0.02%    passed     99.73%
 152  KT368889     0.03%    passed     99.91%
 153  KT368885     0.00%    passed     99.78%
 154  KT374051     0.96%    passed     99.72%
 155  KT805966    86.51%    failed      0.89%
 156  KT374053     0.96%    passed     99.78%
 157  KT805983    86.51%    failed      0.77%
 158  KT805986    86.52%    failed      0.74%
 159  KT806027    86.51%    failed      0.76%
 160  KT806002    86.51%    failed      0.76%
 161  KT751244     0.05%    passed     99.95%
 162  KT806035    86.51%    failed      0.76%
 163  KT861629    86.51%    failed      0.76%
 164  KT861630    86.51%    failed      0.76%
 165  KT861632    86.51%    failed      0.71%
 166  KT861631    86.51%    failed      0.76%
 167  KT861633    86.51%    failed      0.76%
 168  KT368890     0.00%    passed     99.84%
 169  KT374057     0.96%    passed     99.57%
 170  KT861627     0.10%    passed     98.92%
 171  KT868868     0.17%    passed     99.96%
 172  KT868867     0.17%    passed     99.96%
 173  KU201953    86.51%    failed      0.83%
 174  KT868866     0.17%    passed     99.96%
 175  KU201959    82.25%    passed      9.44%
 176  KT868870     0.18%    passed     99.94%
 177  KT877351     0.36%    passed     99.34%
 178  KT877350     0.01%    passed     99.68%
 179  KU740200     0.57%    passed     99.41%
 180  KU233362     0.38%    passed     99.90%
 181  KU233363     0.18%    passed     99.72%
 182  KU242423     0.02%    passed     99.18%
 183  KX108937     0.07%    passed     99.73%
 184  KU242424     0.02%    passed     99.08%
 185  KX108938     0.06%    passed     99.78%
 186  KX108942     0.07%    passed     99.81%
 187  KX108943     0.10%    passed     99.62%
 188  KX108939     0.07%    passed     99.74%
 189  KX108941     0.07%    passed     99.85%
 190  KX108940     0.07%    passed     99.77%
 191  KX108944     0.07%    passed     99.92%
 192  KX154684     0.08%    passed     99.83%
 193  KX108946     0.07%    passed     99.93%
 194  KX108945     0.06%    passed     99.73%
 195  KX154690     0.08%    passed     99.64%
 196  KX154691     0.08%    passed     99.88%
 197  KY581686     0.00%    passed     99.43%
 198  KY581685     0.00%    passed     99.33%
 199  KY581684     0.00%    passed     99.34%
 200  KY581688     0.00%    passed     99.36%
 201  KY581687     0.00%    passed     99.54%
 202  KY581692     0.00%    passed     99.43%
 203  KY581694     0.00%    passed     99.70%
 204  KY581697     0.00%    passed     99.56%
 205  KY581695     0.00%    passed     99.51%
 206  KY581693     0.01%    passed     99.78%
 207  KY581698     0.00%    passed     99.51%
 208  KY673146    86.51%    failed      0.58%
 209  KY581696     0.00%    passed     99.67%
 210  KY673147    86.51%    failed      0.61%
 211  KY688114    86.51%    failed      0.62%
 212  KY581700     0.00%    passed     99.56%
 213  KY706245    74.53%    failed      0.00%
 214  KY581699     0.00%    passed     99.51%
 215  KY673149     0.00%    passed     99.75%
 216  KY673148     0.00%    passed     99.42%
 217  KY706246    74.53%    failed      0.00%
 218  KY688119     0.21%    passed     99.87%
 219  KY706247    74.53%    failed      0.00%
 220  LP963763    86.51%    failed      0.70%
 221  LP963770    86.51%    failed      0.70%
 222  LQ466302    86.51%    failed      0.70%
 223  KY688124     0.07%    passed     99.87%
 224  LQ575390    86.51%    failed      0.70%
 225  MF000459     0.35%    passed     99.40%
 226  MF000458     0.26%    passed     99.81%
 227  LP963762     0.00%    passed     96.78%
 228  MF598594     0.00%    passed     99.76%
 229  MF000457     0.39%    passed     99.76%
 230  MF000460     0.26%    passed     99.80%
 231  MF598595     0.00%    passed     99.84%
 232  MF598596     0.01%    passed     99.86%
 233  MF598597     0.00%    passed     99.71%
 234  MF598598     0.02%    passed     99.84%
 235  MF598599     0.00%    passed     99.82%
 236  MF598600     0.00%    passed     99.80%
 237  MF598602     0.00%    passed     99.78%
 238  MF598601     0.01%    passed     99.87%
 239  MF598603     0.00%    passed     99.71%
 240  MF598606     0.00%    passed     99.83%
 241  MF598604     0.01%    passed     99.82%
 242  MF598605     0.00%    passed     99.86%
 243  MF598607     0.00%    passed     99.80%
 244  MF598608     0.00%    passed     99.72%
 245  MF598610     0.00%    passed     99.84%
 246  MF598609     0.00%    passed     99.62%
 247  MF598612     0.00%    passed     99.81%
 248  MF598611     0.00%    passed     99.70%
 249  MF598613     0.00%    passed     99.71%
 250  MF598614     0.00%    passed     99.84%
 251  MF598615     0.00%    passed     99.75%
 252  MF598616     0.00%    passed     99.72%
 253  MF598617     0.00%    passed     99.81%
 254  MF598618     0.00%    passed     99.82%
 255  MF598619     0.00%    passed     99.50%
 256  MF598620     0.00%    passed     99.63%
 257  MF598621     0.00%    passed     99.83%
 258  MF598623     0.00%    passed     99.77%
 259  MF598622     0.00%    passed     99.68%
 260  MF598624     0.00%    passed     99.82%
 261  MF598625     0.00%    passed     99.83%
 262  MF598626     0.00%    passed     99.77%
 263  MF598627     0.00%    passed     99.80%
 264  MF598629     0.00%    passed     99.76%
 265  MF598628     4.02%    passed     78.43%
 266  MF598630     0.00%    passed     99.79%
 267  MF598632     0.00%    passed     99.66%
 268  MF598633     0.00%    passed     99.82%
 269  MF598631     0.17%    passed     99.28%
 270  MF598634     0.00%    passed     99.84%
 271  MF598635     0.00%    passed     99.55%
 272  MF598636     0.00%    passed     99.50%
 273  MF598637     0.00%    passed     99.76%
 274  MF598638     0.00%    passed     99.74%
 275  MF598639     0.00%    passed     99.53%
 276  MF598640     0.00%    passed     99.87%
 277  MF598643     0.00%    passed     99.70%
 278  MF598644     0.00%    passed     99.72%
 279  MF598645     0.00%    passed     99.71%
 280  MF598641     0.00%    passed     99.74%
 281  MF598642    10.72%    passed     69.63%
 282  MF598646     0.00%    passed     99.90%
 283  MF598647     0.00%    passed     99.55%
 284  MF598649     0.00%    passed     99.68%
 285  MF598648     0.00%    passed     99.83%
 286  MF598650     0.00%    passed     99.59%
 287  MF598651     0.00%    passed     99.86%
 288  MF598654     0.00%    passed     99.49%
 289  MF598656     0.00%    passed     99.85%
 290  MF598653     0.00%    passed     99.77%
 291  MF598652     0.00%    passed     99.76%
 292  MF598655     0.00%    passed     99.86%
 293  MF598657     0.00%    passed     99.84%
 294  MF598659     0.00%    passed     99.78%
 295  MF598658     0.00%    passed     99.68%
 296  MF598662     0.00%    passed     99.82%
 297  MF598661     0.01%    passed     99.80%
 298  MF598660     0.00%    passed     99.81%
 299  MF598663     0.00%    passed     99.45%
 300  MF598665     0.00%    passed     99.44%
 301  MF598664     0.00%    passed     99.83%
 302  MF598667     0.00%    passed     99.22%
 303  MF598666     0.00%    passed     99.74%
 304  MF598668     0.00%    passed     99.86%
 305  MF598669     0.00%    passed     99.72%
 306  MF598671     0.00%    passed     99.87%
 307  MF598670     0.00%    passed     99.67%
 308  MF598673     0.00%    passed     99.83%
 309  MF598672     0.00%    passed     99.64%
 310  MF598674     0.00%    passed     99.28%
 311  MF598677     0.00%    passed     99.80%
 312  MF598675     0.00%    passed     99.85%
 313  MF598676     0.00%    passed     99.80%
 314  MF598679     0.00%    passed     99.64%
 315  MF598678     0.00%    passed     99.71%
 316  MF598680     0.00%    passed     99.82%
 317  MF598681     0.00%    passed     99.54%
 318  MF598683     0.00%    passed     99.60%
 319  MF598684     0.00%    passed     99.84%
 320  MF598685     0.00%    passed     99.84%
 321  MF598682     0.00%    passed     99.79%
 322  MF598686     0.00%    passed     99.75%
 323  MF598688     0.00%    passed     99.70%
 324  MF598687     0.00%    passed     99.72%
 325  MF598690     0.00%    passed     99.88%
 326  MF598689     0.01%    passed     99.68%
 327  MF598691     0.00%    passed     99.84%
 328  MF598692     0.00%    passed     99.82%
 329  MF598694     0.00%    passed     99.84%
 330  MF598693     0.00%    passed     99.83%
 331  MF598695     0.00%    passed     99.72%
 332  MF598696     0.00%    passed     99.58%
 333  MF598698     0.00%    passed     99.78%
 334  MF598697     0.00%    passed     99.85%
 335  MF598700     0.00%    passed     99.79%
 336  MF598699     0.00%    passed     99.79%
 337  MF598701     0.00%    passed     99.85%
 338  MF598702     0.00%    passed     99.63%
 339  MF598703     0.00%    passed     99.87%
 340  MF598704     0.00%    passed     99.87%
 341  MF598705     0.00%    passed     99.89%
 342  MF598706     0.00%    passed     99.87%
 343  MF598707     0.00%    passed     99.84%
 344  MF598708     0.00%    passed     99.84%
 345  MF598709     0.01%    passed     99.90%
 346  MF598710     0.00%    passed     99.89%
 347  MF598711     0.00%    passed     99.81%
 348  MF598712     0.00%    passed     99.42%
 349  MF598714     0.00%    passed     99.87%
 350  MF598713     0.00%    passed     99.87%
 351  MF598715     0.00%    passed     99.86%
 352  MF598716     0.00%    passed     99.81%
 353  MF598717     0.00%    passed     99.84%
 354  MF598718     0.32%    passed     98.55%
 355  MF598720     0.00%    passed     99.87%
 356  MF598721     0.00%    passed     99.86%
 357  MF679171    86.53%    failed      0.76%
 358  MF598719     0.00%    passed     99.87%
 359  MF679174    86.53%    failed      0.70%
 360  MF679173    86.53%    failed      0.73%
 361  MF679172    86.51%    failed      0.76%
 362  MF598722     0.00%    passed     99.84%
 363  MF741829     0.24%    passed     99.74%
 364  MF741834     0.27%    passed     99.79%
 365  MF741836     0.27%    passed     99.74%
 366  MG011341     0.08%    passed     99.78%
 367  MF741833     0.27%    passed     99.80%
 368  MG011343     0.08%    passed     99.72%
 369  MG011347     0.08%    passed     99.73%
 370  MG011348     0.08%    passed     99.84%
 371  MG011353     0.08%    passed     99.77%
 372  MG280944     6.10%    passed     99.69%
 373  MG280945     6.05%    passed     99.04%
 374  MG470650     0.02%    passed     99.71%
 375  MG912602     0.01%    passed     99.61%
 376  MG912603     0.00%    passed     99.62%
 377  MG923465    84.52%    failed      0.00%
 378  MG912596     0.01%    passed     99.65%
 379  MG912597     0.02%    passed     99.60%
 380  MG912604     0.01%    passed     99.65%
 381  MG923466     0.24%    passed     99.86%
 382  MG923467     0.14%    passed     99.96%
 383  MG923469     2.32%    passed     97.39%
 384  MG923468     0.10%    passed     99.79%
 385  MG923470     2.31%    passed     98.28%
 386  MG923471     1.32%    passed     98.95%
 387  MG923473     2.49%    passed     99.57%
 388  MG923472     1.47%    passed     99.66%
 389  MG923474     2.21%    passed     99.28%
 390  MG923476     2.21%    passed     98.31%
 391  MG923475     2.18%    passed     98.29%
 392  MG923477     2.20%    passed     98.30%
 393  MG923478     2.18%    passed     98.87%
 394  MG923479     2.21%    passed     98.83%
 395  MH259485     0.13%    passed     99.45%
 396  MG923480     2.18%    passed     98.83%
 397  MG923481     2.18%    passed     99.05%
 398  MH259486     0.05%    passed     99.76%
 399  MH310912     0.11%    passed     99.77%
 400  MH310909     0.18%    passed     99.46%
 401  MH371127     0.00%    passed     99.72%
 402  MH734115     0.29%    passed     99.94%
 403  MH734114     0.29%    passed     99.94%
 404  MH978886    86.51%    failed      0.70%
 405  MH978887    86.51%    failed      0.70%
 406  MH822886     0.14%    passed     99.99%
 407  MH978888    86.51%    failed      0.69%
 408  MK039552     0.00%    passed     99.77%
 409  MK052676     0.00%    passed     99.67%
 410  MK280984     0.29%    passed     99.91%
 411  MK129253     0.01%    passed     99.51%
 412  MK357908     1.07%    passed     99.88%
 413  MK357909     1.07%    passed     99.85%
 414  MK462247     0.00%    passed     99.82%
 415  MK462250     0.00%    passed     99.53%
 416  MK462251     0.00%    passed     99.80%
 417  MK462252     0.00%    passed     99.00%
 418  MK462253     0.00%    passed     99.86%
 419  MK462257    86.52%    failed      0.64%
 420  MK462258    86.51%    failed      0.66%
 421  MK858160    86.51%    failed      0.79%
 422  MK858156    86.51%    failed      0.70%
 423  MK462256     0.00%    passed     99.53%
 424  MK858161    86.51%    failed      0.79%
 425  MK910259    86.51%    failed      0.84%
 426  MK564475     0.12%    passed     99.16%
 427  MK483839     0.00%    passed     99.58%
 428  MK564474     0.12%    passed     99.46%
 429  MN403101    86.51%    failed      0.83%
 430  MN403102    86.51%    failed      0.80%
 431  MK967708     0.05%    passed     99.76%
 432  MN120514     0.00%    passed     99.82%
 433  MN120513     0.00%    passed     99.46%
 434  MN365232     0.00%    passed     99.68%
 435  MN365233     0.00%    passed     99.71%
 436  MN481969     0.67%    passed     99.68%
 437  MN654970     0.38%    passed     99.96%
 438  MN654972     0.38%    passed     99.99%
 439  MN654971     0.02%    passed     99.89%
 440  MN507638     0.29%    passed     99.96%
 441  MN654973     0.02%    passed     99.86%
 442  MN654974     0.36%    passed     99.92%
 443  MN654975     0.03%    passed     99.83%
 444  MN654976     0.03%    passed     99.88%
 445  MN654977     0.07%    passed     99.79%
 446  MN654978     0.38%    passed     99.99%
 447  MN654979     0.40%    passed     99.96%
 448  MN654981     0.38%    passed     99.97%
 449  MN654980     0.38%    passed     99.99%
 450  MN654983     0.02%    passed     99.97%
 451  MN654982     0.38%    passed     99.99%
 452  MN654985     0.38%    passed     99.51%
 453  MN654984     0.02%    passed     99.87%
 454  MN654987     0.40%    passed     99.96%
 455  MN654988     0.03%    passed     99.85%
 456  MN654986     0.38%    passed     99.98%
 457  MN654989     0.03%    passed     99.67%
 458  MN654990     0.02%    passed     99.90%
 459  MN654991     0.02%    passed     99.86%
 460  MN654993     0.40%    passed     99.95%
 461  MN654992     0.06%    passed     99.98%
 462  MN654994     0.24%    passed     99.98%
 463  MN654995     0.02%    passed     99.81%
 464  MN654996     0.38%    passed     99.98%
 465  MN654997     0.02%    passed     99.83%
 466  MN654999     0.02%    passed     99.97%
 467  MN654998     0.38%    passed     99.51%
 468  MN655000     0.38%    passed     99.99%
 469  MN655002     0.39%    passed     99.83%
 470  MN655001     0.02%    passed     99.94%
 471  MN655003     0.38%    passed     99.51%
 472  MN655004     0.02%    passed     99.89%
 473  MN655005     0.03%    passed     99.98%
 474  MN655007     0.38%    passed     99.48%
 475  MN655006     0.02%    passed     99.81%
 476  MN655008     0.03%    passed     99.71%
 477  MN655009     0.02%    passed     99.97%
 478  MN655010     0.38%    passed     99.70%
 479  MN655011     0.38%    passed     99.99%
 480  MN655012     0.39%    passed     99.94%
 481  MN655013     0.38%    passed     99.97%
 482  MN735682    86.51%    failed      0.75%
 483  MN655014     0.04%    passed     99.75%
 484  MN655015     0.40%    passed     99.95%
 485  MN655016     0.42%    passed     99.93%
 486  MN655017     0.40%    passed     99.98%
 487  MN723544     0.00%    passed     99.88%
 488  MN758606     0.10%    passed     99.98%
 489  MN758607     0.10%    passed     99.46%
 490  MN758608     0.10%    passed     99.80%
 491  MN758609     0.10%    passed     99.51%
 492  MN758610     0.10%    passed     99.98%
 493  MN758611     0.10%    passed     99.98%
 494  MN758613     0.10%    passed     99.96%
 495  MN758612     0.10%    passed     99.98%
 496  MN758614     0.10%    passed     99.94%
 497  MT226600     0.00%    passed     99.74%
 498  MT226601     0.00%    passed     99.69%
 499  MT226602     0.00%    passed     99.80%
 500  MT226603     0.00%    passed     99.71%
 501  MT226604     0.00%    passed     99.76%
 502  MT226607     0.00%    passed     99.62%
 503  MT226605     0.00%    passed     99.70%
 504  MT226606     0.00%    passed     99.73%
 505  MT361640     0.00%    passed     99.87%
 506  MW086527     1.12%    passed     99.76%
 507  MT675261     3.81%    passed     99.56%
 508  MT675258    19.14%    passed     76.31%
 509  MT576585     0.06%    passed     96.60%
 510  MW086529     1.11%    passed     99.72%
 511  MW086528     1.11%    passed     99.75%
 512  MW086530     1.11%    passed     99.79%
 513  MW086531     1.12%    passed     99.77%
 514  MW086532     1.11%    passed     99.73%
 515  MW086534     0.97%    passed     99.92%
 516  MW086533     1.00%    passed     99.85%
 517  MW086536    22.55%    passed     46.93%
 518  MW086537    22.52%    passed     46.31%
 519  MW086535     0.98%    passed     99.91%
 520  MW086540    39.67%    failed      2.75%
 521  MW086539     1.01%    passed     99.92%
 522  MW086538     0.99%    passed     99.88%
 523  MW545527     0.07%    passed     99.88%
 524  MW545528     0.07%    passed     99.91%
 525  MZ268405     0.05%    passed     94.27%
 526  NC_019843    0.00%    passed     96.78%
 527  OK094446     0.05%    passed     96.40%
 528  MZ268404     0.09%    passed     90.03%
 529  OK094447     0.05%    passed     96.38%
 530  OK094448     0.04%    passed     96.45%
 531  OK094450     0.05%    passed     96.56%
 532  OK094451     0.05%    passed     96.43%
 533  OK094449     0.05%    passed     96.43%
 534  OK094452     0.05%    passed     96.42%
 535  OK094453     0.06%    passed     96.35%
 536  OK094454     0.06%    passed     96.21%
 537  OP654178     0.03%    passed     99.60%
 538  OL622036     0.43%    passed     99.78%
 539  OP654179     0.03%    passed     99.71%
 540  OP712623     0.07%    passed     99.51%
 541  OP712624     0.04%    passed     99.91%
 542  OP712625     0.05%    passed     99.94%
 543  OP866275     0.24%    passed     99.89%
 544  OP866276     0.24%    passed     99.98%
 545  OP866274     0.22%    passed     99.95%
 546  OP866277     0.09%    passed     99.92%
 547  OP866278     0.11%    passed     99.94%
 548  OP866279     0.18%    passed     98.38%
 549  OP866280     0.25%    passed     98.85%
 550  OP866282     0.30%    passed     99.72%
 551  OP866281     0.18%    passed     98.18%
 552  OP866283     0.35%    passed     99.70%
 553  OP866284     0.16%    passed     99.79%
 554  OP866285     0.22%    passed     97.66%
 555  OP866286     0.41%    passed     98.57%
 556  OP866288     0.28%    passed     90.56%
 557  OP866287     0.14%    passed     91.81%
 558  OP866290     0.27%    passed     98.01%
 559  OP866291     0.41%    passed     98.52%
 560  OP866289     0.33%    passed     98.05%
 561  OP866292     0.41%    passed     98.43%
 562  OP866294     0.32%    passed     98.39%
 563  OP906306     0.17%    passed     99.38%
 564  OP866293     0.42%    passed     98.50%
 565  OQ423283     0.09%    passed     99.84%
 566  OQ423284     0.23%    passed     99.66%
 567  OQ423285     0.37%    passed     99.95%
 568  OQ423286     0.10%    passed     99.91%
 569  OR742168    29.49%    failed      0.19%
 570  OR742169    29.49%    failed      0.18%
 571  OQ423287     0.30%    passed     99.95%
 572  OR742167    29.49%    failed      0.19%
 573  OR742170    29.49%    failed      0.17%
 574  OR742171    29.49%    failed      0.17%
 575  OR742173    29.49%    failed      0.20%
 576  OR742172    29.49%    failed      0.17%
 577  OR742175    29.49%    failed      0.15%
 578  OR742174    29.49%    failed      0.14%
 579  PP504664     6.73%    passed     47.00%
 580  PP504665     6.66%    passed     46.06%
 581  KC875821    86.62%    failed      2.09%
 582  KT624236    89.51%    passed     32.53%
WARNING: 65 sequences contain more than 50% gaps/ambiguity
****  TOTAL       10.61%  76 sequences failed composition chi2 test (p-value<5%; df=3)
NOTE: LP963762 is identical to JX869059 but kept for subsequent analysis
NOTE: KM027266 is identical to KM027264 but kept for subsequent analysis
NOTE: KM027283 is identical to KM027282 but kept for subsequent analysis
NOTE: KT275308 is identical to KT275306 but kept for subsequent analysis
NOTE: KT368830 is identical to KT368829 but kept for subsequent analysis
NOTE: KT368843 is identical to KT368828 but kept for subsequent analysis
NOTE: KT368848 is identical to KT368835 but kept for subsequent analysis
NOTE: KT368838 is identical to KT368836 but kept for subsequent analysis
NOTE: KT368837 is identical to KT368839 but kept for subsequent analysis
NOTE: KT368864 is identical to KT368863 but kept for subsequent analysis
NOTE: KT368877 is identical to KT368876 but kept for subsequent analysis
NOTE: KT368883 is identical to KT368882 but kept for subsequent analysis
NOTE: KT368885 is identical to KT368886 but kept for subsequent analysis
NOTE: KT868866 is identical to KT868868 but kept for subsequent analysis
NOTE: KY581700 is identical to KY581697 but kept for subsequent analysis
NOTE: KY581698 is identical to KY581695 but kept for subsequent analysis
NOTE: KY706246 is identical to KY706245 but kept for subsequent analysis
NOTE: LP963770 is identical to LP963763 but kept for subsequent analysis
NOTE: MF598655 is identical to MF598605 but kept for subsequent analysis
NOTE: MF598662 is identical to MF598633 but kept for subsequent analysis
NOTE: MF598685 is identical to MF598684 but kept for subsequent analysis
NOTE: MF598704 is identical to MF598703 but kept for subsequent analysis
NOTE: MF598708 is identical to MF598707 but kept for subsequent analysis
NOTE: MF598719 is identical to MF598720 but kept for subsequent analysis
NOTE: MH734114 is identical to MH734115 but kept for subsequent analysis
NOTE: MH978887 is identical to MH978886 but kept for subsequent analysis
NOTE: MK858161 is identical to MK858160 but kept for subsequent analysis
NOTE: MN654987 is identical to MN654979 but kept for subsequent analysis
NOTE: MN655000 is identical to MN654982 but kept for subsequent analysis
NOTE: MN654998 is identical to MN654985 but kept for subsequent analysis
NOTE: MN655015 is identical to MN654993 but kept for subsequent analysis
NOTE: MN655009 is identical to MN654999 but kept for subsequent analysis
NOTE: MN758610 is identical to MN758606 but kept for subsequent analysis
NOTE: OK094449 is identical to OK094451 but kept for subsequent analysis
NOTE: OR742167 is identical to OR742168 but kept for subsequent analysis
NOTE: OR742171 is identical to OR742170 but kept for subsequent analysis
NOTE: 17 identical sequences (see below) will be ignored for subsequent analysis
NOTE: NC_019843 (identical to JX869059) is ignored but added at the end
NOTE: KT861629 (identical to KM027264) is ignored but added at the end
NOTE: KT861630 (identical to KM027264) is ignored but added at the end
NOTE: KT861631 (identical to KM027264) is ignored but added at the end
NOTE: KT861633 (identical to KM027264) is ignored but added at the end
NOTE: KT368832 (identical to KT368829) is ignored but added at the end
NOTE: KT368862 (identical to KT368863) is ignored but added at the end
NOTE: KY581699 (identical to KY581695) is ignored but added at the end
NOTE: KY706247 (identical to KY706245) is ignored but added at the end
NOTE: LQ466302 (identical to LP963763) is ignored but added at the end
NOTE: LQ575390 (identical to LP963763) is ignored but added at the end
NOTE: MF598692 (identical to MF598633) is ignored but added at the end
NOTE: MF598706 (identical to MF598703) is ignored but added at the end
NOTE: MF598713 (identical to MF598703) is ignored but added at the end
NOTE: MN655003 (identical to MN654985) is ignored but added at the end
NOTE: MN758612 (identical to MN758606) is ignored but added at the end
NOTE: OR742172 (identical to OR742170) is ignored but added at the end
Alignment was printed to results/aligned-delim.fasta.uniqueseq.phy

For your convenience alignment with unique sequences printed to results/aligned-delim.fasta.uniqueseq.phy

Create initial parsimony tree by phylogenetic likelihood library (PLL)... 1.100 seconds

NOTE: 65 MB RAM (0 GB) is required!
Measuring multi-threading efficiency up to 1 CPU cores
2 trees examined
Threads: 1 / Time: 1.767 sec / Speedup: 1.000 / Efficiency: 100% / LogL: -316829
BEST NUMBER OF THREADS: 1

Estimate model parameters (epsilon = 0.500)
1. Initial log-likelihood: -99435.882
2. Current log-likelihood: -96101.447
3. Current log-likelihood: -96097.074
Optimal log-likelihood: -96096.827
Rate parameters:  A-C: 0.57264  A-G: 1.61084  A-T: 0.26731  C-G: 0.37832  C-T: 5.12663  G-T: 1.00000
Base frequencies:  A: 0.262  C: 0.202  G: 0.209  T: 0.327
Parameters optimization took 3 rounds (17.202 sec)
Computing ML distances based on estimated model parameters...
Computing ML distances took 6.767816 sec (of wall-clock time) 6.767620 sec(of CPU time)
Computing RapidNJ tree took 0.056179 sec (of wall-clock time) 0.063998 sec (of CPU time)
Log-likelihood of RapidNJ tree: -99159.737
--------------------------------------------------------------------
|             INITIALIZING CANDIDATE TREE SET                      |
--------------------------------------------------------------------

Do NNI search on 2 best initial trees
Estimate model parameters (epsilon = 0.500)
BETTER TREE FOUND at iteration 1: -96068.721
Finish initializing candidate tree set (4)
Current best tree score: -96068.721 / CPU time: 21.945
Number of iterations: 2
TREE SEARCH COMPLETED AFTER 2 ITERATIONS / Time: 0h:1m:1s

--------------------------------------------------------------------
|                    FINALIZING TREE SEARCH                        |
--------------------------------------------------------------------
Performs final model parameters optimization
Estimate model parameters (epsilon = 0.050)
1. Initial log-likelihood: -96068.721
Optimal log-likelihood: -96068.721
Rate parameters:  A-C: 0.57072  A-G: 1.60910  A-T: 0.26722  C-G: 0.37894  C-T: 5.12696  G-T: 1.00000
Base frequencies:  A: 0.262  C: 0.202  G: 0.209  T: 0.327
Parameters optimization took 1 rounds (2.383 sec)
BEST SCORE FOUND : -96068.721
Total tree length: 0.218

Total number of iterations: 2
CPU time used for tree search: 21.930 sec (0h:0m:21s)
Wall-clock time used for tree search: 21.968 sec (0h:0m:21s)
Total CPU time used: 63.087 sec (0h:1m:3s)
Total wall-clock time used: 64.139 sec (0h:1m:4s)

Analysis results written to: 
  IQ-TREE report:                results/aligned-delim.fasta.iqtree
  Maximum-likelihood tree:       results/aligned-delim.fasta.treefile
  Likelihood distances:          results/aligned-delim.fasta.mldist
  Screen log file:               results/aligned-delim.fasta.log

Date and Time: Fri Jun 14 21:41:35 2024
