Building DAG of jobs...
Using shell: /Users/katekistler/.nextstrain/runtimes/conda/env/bin/bash
Provided cores: 8
Rules claiming more threads will be scaled down.
Job stats:
job       count
------  -------
all           1
export        1
traits        1
total         3

Select jobs to execute...

[Fri Oct 11 15:39:20 2024]
rule traits:
    input: results/tree.nwk, results/metadata.tsv
    output: results/traits.json
    jobid: 7
    reason: Params have changed since last execution
    resources: tmpdir=/var/folders/g_/6938g_6s199gxxswt2nf7w500000gn/T

[Fri Oct 11 15:39:28 2024]
Finished job 7.
1 of 3 steps (33%) done
Select jobs to execute...

[Fri Oct 11 15:39:28 2024]
rule export:
    input: results/tree.nwk, results/metadata.tsv, defaults/colors.tsv, results/branch_lengths.json, results/traits.json, results/nt_muts.json, results/aa_muts.json, defaults/auspice_config.json
    output: auspice/mers.json
    jobid: 1
    reason: Input files updated by another job: results/traits.json
    resources: tmpdir=/var/folders/g_/6938g_6s199gxxswt2nf7w500000gn/T

[Fri Oct 11 15:39:31 2024]
Finished job 1.
2 of 3 steps (67%) done
Select jobs to execute...

[Fri Oct 11 15:39:31 2024]
localrule all:
    input: auspice/mers.json
    jobid: 0
    reason: Input files updated by another job: auspice/mers.json
    resources: tmpdir=/var/folders/g_/6938g_6s199gxxswt2nf7w500000gn/T

[Fri Oct 11 15:39:31 2024]
Finished job 0.
3 of 3 steps (100%) done
Complete log: .snakemake/log/2024-10-11T153919.783752.snakemake.log
