IQ-TREE multicore version 2.1.2 COVID-edition for Linux 64-bit built Oct 22 2020
Developed by Bui Quang Minh, James Barbetti, Nguyen Lam Tung,
Olga Chernomor, Heiko Schmidt, Dominik Schrempf, Michael Woodhams.

Host:    791047195c52 (AVX512, FMA3, 7 GB RAM)
Command: iqtree -ntmax 1 -s results/aligned-delim.fasta -m GTR -ninit 2 -n 2 -me 0.05 -nt AUTO -redo
Seed:    486439 (Using SPRNG - Scalable Parallel Random Number Generator)
Time:    Fri Jun  7 19:50:42 2024
Kernel:  AVX+FMA - auto-detect threads (8 CPU cores detected)

Reading alignment file results/aligned-delim.fasta ... Fasta format detected
Alignment most likely contains DNA/RNA sequences
Alignment has 999 sequences with 30123 columns, 5198 distinct patterns
2103 parsimony-informative, 1297 singleton sites, 26723 constant sites
           Gap/Ambiguity  Composition  p-value
   1  KF186565     0.18%    passed     97.81%
   2  KF186564     0.14%    passed     97.95%
   3  KF186566     0.04%    passed     98.28%
   4  KC776174     0.31%    passed     96.56%
   5  JX869059     0.02%    passed     95.37%
   6  KC164505     0.04%    passed     98.48%
   7  KC667074     0.04%    passed     98.39%
   8  KF600615    77.85%    passed     14.11%
   9  KF600622    89.58%    failed      0.00%
  10  KF600616    87.43%    passed     14.56%
  11  KF600613     0.20%    passed     98.10%
  12  KF186567     0.02%    passed     98.34%
  13  KF600620     0.24%    passed     96.84%
  14  KF600612     0.20%    passed     97.36%
  15  KF192507     0.02%    passed     97.37%
  16  KF600623    69.65%    failed      0.00%
  17  KF600631    86.39%    failed      2.97%
  18  KF600626    61.37%    passed     37.13%
  19  KF600628     0.06%    passed     98.53%
  20  KF600638    79.52%    passed      8.09%
  21  KF600627     0.16%    passed     97.99%
  22  KF600630     0.14%    passed     97.22%
  23  KF600636    48.67%    failed      3.48%
  24  KF600632     0.05%    passed     98.54%
  25  KF600642    86.14%    passed      8.12%
  26  KF600634     0.20%    passed     98.59%
  27  KF600643    47.00%    passed      5.47%
  28  KF600646    68.05%    passed      6.85%
  29  KF600648    85.64%    failed      2.21%
  30  KF600644     0.15%    passed     97.92%
  31  KF600645     0.18%    passed     97.63%
  32  KF811036    86.52%    failed      0.74%
  33  KF600647     0.03%    passed     97.95%
  34  KF600652     0.14%    passed     97.20%
  35  KF600651     0.06%    passed     98.63%
  36  KF600655    38.57%    failed      0.85%
  37  KF745068     0.74%    passed     98.17%
  38  KF958702     0.90%    passed     98.98%
  39  KF917527     0.90%    passed     98.98%
  40  KJ156865    85.72%    failed      0.00%
  41  KJ156860    79.87%    failed      0.58%
  42  KF961221     0.13%    passed     98.78%
  43  KJ156872    69.45%    failed      0.00%
  44  KJ156873    65.72%    failed      0.06%
  45  KJ156876    67.26%    failed      0.00%
  46  KF961222     0.12%    passed     98.76%
  47  KJ156866     0.23%    passed     98.41%
  48  KJ156886    79.72%    failed      0.49%
  49  KJ156869     0.23%    passed     98.86%
  50  KJ156874     0.23%    passed     97.58%
  51  KJ156894    74.29%    passed     17.25%
  52  KJ156895    83.41%    passed     42.07%
  53  KJ156888    37.41%    failed      0.77%
  54  KJ156881     0.23%    passed     98.50%
  55  KJ156903    89.94%    failed      1.92%
  56  KJ156891    36.38%    failed      0.68%
  57  KJ156907    88.80%    failed      0.00%
  58  KJ156901    67.26%    failed      0.00%
  59  KJ156905    66.76%    failed      0.02%
  60  KJ156908    83.86%    passed      5.88%
  61  KJ156896    39.36%    failed      1.08%
  62  KJ156911    69.59%    failed      0.00%
  63  KJ156920    76.28%    failed      1.54%
  64  KJ156914    80.12%    failed      0.49%
  65  KJ156927    86.19%    failed      0.00%
  66  KJ156929    85.81%    failed      3.31%
  67  KJ156910     0.23%    passed     97.58%
  68  KJ156922    79.01%    passed     16.50%
  69  KJ156930    85.93%    passed      5.14%
  70  KJ156918    38.54%    failed      0.84%
  71  KJ156916     7.15%    passed     93.36%
  72  KJ156936    80.44%    failed      1.26%
  73  KJ156935    79.86%    failed      0.58%
  74  KJ156926    38.35%    failed      0.58%
  75  KJ156931    78.87%    failed      1.00%
  76  KJ156939    67.26%    failed      0.00%
  77  KJ156937    36.04%    failed      0.63%
  78  KJ156940    70.05%    failed      1.41%
  79  KJ156934     0.23%    passed     98.21%
  80  KJ156945    84.25%    passed      6.89%
  81  KJ156941    38.44%    failed      0.08%
  82  KJ156943    38.59%    failed      0.88%
  83  KJ156942     8.28%    passed     94.78%
  84  KJ156947    72.59%    passed      7.51%
  85  KJ156946    36.46%    failed      0.68%
  86  KJ156944     0.23%    passed     98.69%
  87  KJ156948    79.06%    failed      4.28%
  88  KJ156951    66.98%    failed      3.90%
  89  KJ156954    86.18%    failed      3.51%
  90  KJ156949     0.23%    passed     98.20%
  91  KJ156952     0.23%    passed     97.54%
  92  KJ361501     0.92%    passed     97.63%
  93  KJ361499     3.64%    passed     97.30%
  94  KJ361500     2.85%    passed     99.94%
  95  KJ361502     1.34%    passed     95.91%
  96  KJ361503     0.28%    passed     97.78%
  97  KJ477102     0.71%    passed     99.55%
  98  KJ477103     0.07%    passed     99.53%
  99  KJ614529     0.10%    passed     97.39%
 100  KJ556336     0.77%    passed     98.36%
 101  KJ650098     0.02%    passed     98.76%
 102  KJ650295     0.08%    passed     98.51%
 103  KJ650296     0.08%    passed     98.54%
 104  KJ650297     0.06%    passed     98.37%
 105  KJ782549    86.52%    failed      0.86%
 106  KJ713295     0.03%    passed     99.04%
 107  KJ713296     0.03%    passed     98.97%
 108  KJ713297     0.03%    passed     99.35%
 109  KJ713298     0.13%    passed     98.88%
 110  KJ713299     0.02%    passed     98.99%
 111  KJ813439     0.01%    passed     97.88%
 112  KJ829365     0.00%    passed     98.48%
 113  KM015348     0.27%    passed     98.19%
 114  KM027255     0.68%    passed     99.27%
 115  KM027256     0.68%    passed     99.19%
 116  KM027257     1.16%    passed     98.75%
 117  KM027258     1.04%    passed     98.44%
 118  KM027263    86.52%    failed      0.92%
 119  KM027265    86.52%    failed      0.92%
 120  KM027264    86.52%    failed      0.92%
 121  KM027266    86.52%    failed      0.92%
 122  KM027267    86.52%    failed      0.92%
 123  KM027259     0.68%    passed     99.27%
 124  KM027268    86.52%    failed      0.85%
 125  KM027260     0.83%    passed     98.50%
 126  KM027261     1.04%    passed     98.71%
 127  KM027270    86.52%    failed      0.91%
 128  KM027269    86.52%    failed      0.92%
 129  KM027272    86.52%    failed      0.92%
 130  KM027273    86.52%    failed      0.80%
 131  KM027271    86.52%    failed      1.00%
 132  KM027274    86.52%    failed      1.04%
 133  KM027262     0.75%    passed     98.52%
 134  KM027275    86.52%    failed      0.91%
 135  KM027277    86.52%    failed      0.89%
 136  KM027278    86.52%    failed      0.87%
 137  KM027276    86.52%    failed      0.85%
 138  KM027279    86.52%    failed      1.02%
 139  KM027281    86.52%    failed      0.92%
 140  KM027280    86.52%    failed      0.87%
 141  KM027282    86.52%    failed      0.87%
 142  KM027283    86.52%    failed      0.87%
 143  KM027285    86.52%    failed      0.98%
 144  KM027284    86.52%    failed      1.11%
 145  KM027286    86.52%    failed      0.90%
 146  KM027287    86.52%    failed      0.87%
 147  KM027288    86.52%    failed      1.01%
 148  KM027290    86.52%    failed      0.87%
 149  KM027289    86.52%    failed      0.87%
 150  KM027291    86.52%    failed      0.92%
 151  KM027292    86.52%    failed      0.87%
 152  KP209307     0.00%    passed     98.05%
 153  KM210277     0.31%    passed     97.99%
 154  KP209306     0.00%    passed     98.00%
 155  KM210278     0.30%    passed     97.97%
 156  KP209310     0.00%    passed     98.42%
 157  KP209308     0.00%    passed     97.85%
 158  KP209309     0.00%    passed     98.10%
 159  KP405225    86.52%    failed      0.93%
 160  KP236092    86.52%    failed      0.77%
 161  KP405226    86.52%    failed      0.87%
 162  KP405227    86.52%    failed      1.01%
 163  KP209311     0.00%    passed     98.10%
 164  KP223131     0.00%    passed     98.57%
 165  KP209312     0.00%    passed     98.21%
 166  KP209313     0.00%    passed     98.05%
 167  KP719927     1.87%    passed     99.10%
 168  KP719928     1.87%    passed     99.12%
 169  KP966104    86.52%    failed      0.90%
 170  KP719929     1.88%    passed     99.12%
 171  KP719930     1.87%    passed     99.05%
 172  KP719931     1.87%    passed     99.41%
 173  KP719932     1.87%    passed     99.37%
 174  KP719933     1.87%    passed     98.80%
 175  KR912187    86.52%    failed      1.05%
 176  KR912189    86.52%    failed      0.97%
 177  KR011263     0.09%    passed     99.14%
 178  KR011264     0.09%    passed     99.14%
 179  KR912190    86.52%    failed      0.97%
 180  KR011265     0.09%    passed     99.20%
 181  KR912188    86.52%    failed      0.95%
 182  KR912191    86.52%    failed      0.97%
 183  KR912192    86.52%    failed      0.97%
 184  KT003530    86.52%    failed      1.26%
 185  KR912195    86.52%    failed      0.96%
 186  KR912193    86.52%    failed      0.97%
 187  KR912194    86.52%    failed      0.97%
 188  KR011266     0.09%    passed     99.14%
 189  KR912196    86.52%    failed      0.94%
 190  KT026455     0.03%    passed     98.72%
 191  KT026454     0.00%    passed     98.54%
 192  KT026453     0.03%    passed     98.72%
 193  KT006149     0.03%    passed     98.87%
 194  KT026456     0.01%    passed     98.57%
 195  KT029139     0.05%    passed     99.37%
 196  KT036372     0.65%    passed     98.61%
 197  KT121573     0.75%    passed     98.41%
 198  KT121572     0.75%    passed     98.41%
 199  KT121574     0.75%    passed     98.54%
 200  KT036374     2.02%    passed     93.50%
 201  KT036373     2.04%    passed     93.74%
 202  KT121575     0.75%    passed     98.41%
 203  KT121577     0.75%    passed     98.33%
 204  KT121581     1.23%    passed     98.06%
 205  KT121578     1.13%    passed     98.42%
 206  KT121576     0.75%    passed     98.48%
 207  KT121580     1.08%    passed     98.68%
 208  KT121579     1.23%    passed     98.37%
 209  KT182953    86.52%    failed      0.91%
 210  KT156560     0.00%    passed     98.21%
 211  KT182954    86.52%    failed      0.91%
 212  KT182955    86.52%    failed      0.91%
 213  KT182956    86.52%    failed      0.87%
 214  KT182957    86.52%    failed      0.88%
 215  KT182958    86.75%    failed      0.72%
 216  KT275306    70.29%    failed      0.00%
 217  KT202801    82.67%    failed      4.39%
 218  KT275307    70.29%    failed      0.00%
 219  KT156561     0.00%    passed     98.18%
 220  KT275308    70.29%    failed      0.00%
 221  KT357801    89.15%    failed      1.88%
 222  KT357802    86.52%    failed      0.89%
 223  KT357804    86.52%    failed      0.87%
 224  KT357803    86.52%    failed      0.87%
 225  KT357805    86.52%    failed      0.87%
 226  KT357806    86.52%    failed      0.87%
 227  KT357807    86.52%    failed      0.87%
 228  KT357808    86.52%    failed      0.87%
 229  KT357811    86.52%    failed      0.90%
 230  KT225476     1.04%    passed     99.39%
 231  KT357809    86.52%    failed      0.87%
 232  KT357810    86.52%    failed      0.71%
 233  KT357812    86.52%    failed      0.87%
 234  KT326819     0.43%    passed     98.18%
 235  KT368827     0.03%    passed     98.81%
 236  KT368824     0.03%    passed     98.85%
 237  KT368828     0.01%    passed     98.48%
 238  KT368826     0.00%    passed     98.87%
 239  KT368825     0.01%    passed     98.90%
 240  KT368829     0.02%    passed     98.80%
 241  KT368830     0.01%    passed     98.76%
 242  KT368831     0.02%    passed     99.07%
 243  KT368833     0.02%    passed     98.87%
 244  KT368834     0.04%    passed     99.22%
 245  KT368836     0.01%    passed     98.99%
 246  KT368832     0.02%    passed     98.80%
 247  KT368837     0.02%    passed     99.12%
 248  KT368835     0.01%    passed     99.01%
 249  KT368838     0.02%    passed     99.05%
 250  KT368841     0.04%    passed     99.40%
 251  KT368840     0.02%    passed     99.17%
 252  KT368839     0.02%    passed     99.12%
 253  KT368843     0.02%    passed     98.53%
 254  KT368842     0.03%    passed     99.21%
 255  KT368844     0.05%    passed     98.81%
 256  KT368845     0.02%    passed     98.71%
 257  KT368847     0.05%    passed     99.33%
 258  KT368848     0.02%    passed     99.07%
 259  KT368846     0.03%    passed     99.21%
 260  KT368849     0.02%    passed     98.81%
 261  KT368850     0.02%    passed     98.77%
 262  KT368851     0.01%    passed     98.74%
 263  KT368852     0.02%    passed     98.68%
 264  KT368853     0.06%    passed     99.25%
 265  KT368854     0.02%    passed     98.92%
 266  KT368855     0.03%    passed     99.09%
 267  KT368856     0.02%    passed     98.66%
 268  KT368857     0.01%    passed     98.55%
 269  KT368858     0.03%    passed     99.29%
 270  KT368860     0.00%    passed     98.76%
 271  KT368863     0.01%    passed     98.99%
 272  KT368861     0.02%    passed     98.91%
 273  KT368859     0.02%    passed     99.15%
 274  KT368862     0.01%    passed     98.99%
 275  KT368864     0.02%    passed     99.12%
 276  KT368865     0.05%    passed     99.52%
 277  KT368867     0.02%    passed     98.56%
 278  KT368871     0.02%    passed     98.83%
 279  KT368870     0.04%    passed     99.20%
 280  KT368872     0.00%    passed     98.61%
 281  KT368866     0.03%    passed     98.65%
 282  KT368868     0.00%    passed     98.48%
 283  KT368869     0.04%    passed     98.45%
 284  KT368873     0.02%    passed     98.80%
 285  KT368875     0.03%    passed     99.45%
 286  KT368876     0.01%    passed     98.56%
 287  KT368877     0.02%    passed     98.73%
 288  KT368874     0.01%    passed     98.55%
 289  KT368878     0.02%    passed     99.26%
 290  KT368879     0.05%    passed     98.80%
 291  KT368880     0.00%    passed     98.70%
 292  KT368881     0.03%    passed     99.22%
 293  KT368882     0.01%    passed     98.74%
 294  KT368883     0.00%    passed     98.60%
 295  KT368884     0.03%    passed     99.07%
 296  KT368886     0.02%    passed     98.86%
 297  KT368885     0.02%    passed     98.86%
 298  KT368887     0.02%    passed     98.29%
 299  KT368888     0.03%    passed     98.72%
 300  KT368889     0.04%    passed     99.26%
 301  KT368890     0.01%    passed     98.96%
 302  KT374051     0.97%    passed     99.42%
 303  KT374050     0.97%    passed     99.42%
 304  KT374052     0.97%    passed     99.42%
 305  KT374053     0.97%    passed     99.51%
 306  KT374054     0.97%    passed     99.31%
 307  KT374055     0.97%    passed     99.31%
 308  KT374056     0.97%    passed     99.20%
 309  KT374057     0.97%    passed     99.18%
 310  KT805961    86.52%    failed      0.89%
 311  KT805962    86.52%    failed      0.89%
 312  KT805963    86.52%    failed      0.89%
 313  KT805964    86.52%    failed      0.93%
 314  KT805966    86.52%    failed      1.07%
 315  KT805965    86.52%    failed      0.93%
 316  KT805967    86.52%    failed      0.93%
 317  KT805968    86.52%    failed      0.83%
 318  KT751244     0.05%    passed     99.22%
 319  KT805970    86.52%    failed      0.90%
 320  KT805971    86.52%    failed      0.89%
 321  KT805972    86.52%    failed      0.90%
 322  KT805973    86.52%    failed      1.01%
 323  KT805974    86.52%    failed      0.95%
 324  KT805969    86.52%    failed      0.86%
 325  KT805975    86.52%    failed      1.00%
 326  KT805976    86.52%    failed      0.93%
 327  KT805979    86.52%    failed      0.93%
 328  KT805978    86.52%    failed      0.93%
 329  KT805977    86.52%    failed      0.93%
 330  KT805981    86.52%    failed      0.83%
 331  KT805980    86.52%    failed      0.93%
 332  KT805983    86.52%    failed      0.93%
 333  KT805984    86.52%    failed      0.94%
 334  KT805982    86.52%    failed      0.93%
 335  KT805985    86.52%    failed      0.86%
 336  KT805986    86.52%    failed      0.90%
 337  KT805987    86.52%    failed      0.86%
 338  KT805989    86.52%    failed      0.92%
 339  KT805990    86.52%    failed      0.92%
 340  KT805992    86.52%    failed      0.73%
 341  KT805988    86.52%    failed      1.26%
 342  KT805991    86.52%    failed      0.90%
 343  KT805995    86.52%    failed      0.99%
 344  KT805993    86.52%    failed      0.93%
 345  KT805994    86.52%    failed      0.90%
 346  KT805997    86.52%    failed      0.99%
 347  KT805998    86.52%    failed      0.99%
 348  KT805996    86.52%    failed      0.93%
 349  KT805999    86.52%    failed      0.99%
 350  KT806000    86.52%    failed      0.97%
 351  KT806001    86.52%    failed      0.90%
 352  KT806003    86.52%    failed      0.93%
 353  KT806002    86.52%    failed      0.92%
 354  KT806004    86.52%    failed      0.90%
 355  KT806005    86.52%    failed      0.95%
 356  KT806007    86.52%    failed      0.95%
 357  KT806008    86.52%    failed      0.82%
 358  KT806006    86.52%    failed      0.92%
 359  KT806010    86.52%    failed      0.95%
 360  KT806012    86.52%    failed      0.93%
 361  KT806009    86.52%    failed      0.93%
 362  KT806014    86.52%    failed      0.92%
 363  KT806011    86.52%    failed      0.91%
 364  KT806013    86.52%    failed      0.99%
 365  KT806017    86.52%    failed      0.83%
 366  KT806016    86.52%    failed      0.85%
 367  KT806015    86.52%    failed      0.86%
 368  KT806019    86.52%    failed      0.93%
 369  KT806020    86.52%    failed      0.91%
 370  KT806021    86.52%    failed      0.83%
 371  KT806022    86.52%    failed      0.84%
 372  KT806023    86.52%    failed      0.92%
 373  KT806024    86.52%    failed      0.92%
 374  KT806025    86.52%    failed      0.92%
 375  KT806026    86.52%    failed      0.92%
 376  KT806018    86.52%    failed      0.93%
 377  KT806028    86.52%    failed      0.96%
 378  KT806029    86.52%    failed      0.92%
 379  KT806030    86.52%    failed      0.92%
 380  KT806032    86.52%    failed      0.91%
 381  KT806027    86.52%    failed      0.93%
 382  KT806031    86.52%    failed      0.92%
 383  KT806033    86.52%    failed      0.92%
 384  KT806034    86.52%    failed      0.92%
 385  KT806036    86.52%    failed      0.88%
 386  KT806035    86.52%    failed      0.92%
 387  KT806038    86.52%    failed      0.91%
 388  KT806039    86.52%    failed      0.92%
 389  KT806040    86.52%    failed      0.91%
 390  KT806037    86.52%    failed      0.86%
 391  KT806041    86.52%    failed      0.96%
 392  KT806044     0.09%    passed     99.20%
 393  KT806047     0.12%    passed     99.30%
 394  KT806045     0.09%    passed     99.18%
 395  KT806048     0.09%    passed     98.83%
 396  KT806046     0.09%    passed     99.08%
 397  KT806049     0.09%    passed     98.91%
 398  KT806050     9.97%    passed     43.98%
 399  KT806053     0.09%    passed     99.03%
 400  KT806051     0.09%    passed     99.27%
 401  KT806052     0.10%    passed     99.28%
 402  KT806054     1.42%    passed     99.47%
 403  KT861627     0.11%    passed     97.67%
 404  KT806055     0.09%    passed     98.80%
 405  KT861629    86.52%    failed      0.92%
 406  KT861628     0.10%    passed     98.79%
 407  KT861630    86.52%    failed      0.92%
 408  KT861631    86.52%    failed      0.92%
 409  KT861632    86.52%    failed      0.86%
 410  KT861633    86.52%    failed      0.92%
 411  KT868866     0.18%    passed     99.48%
 412  KT868865     0.18%    passed     99.48%
 413  KT868868     0.18%    passed     99.48%
 414  KT868867     0.19%    passed     99.46%
 415  KT868869     0.19%    passed     99.46%
 416  KT868870     0.20%    passed     99.37%
 417  KT868871     0.19%    passed     99.54%
 418  KT868873     0.18%    passed     99.48%
 419  KT868872     0.18%    passed     99.52%
 420  KT868874     0.18%    passed     99.49%
 421  KT868875     0.18%    passed     99.45%
 422  KT868876     0.18%    passed     99.52%
 423  KT868877     0.19%    passed     99.43%
 424  KU201953    86.52%    failed      1.01%
 425  KT877350     0.01%    passed     98.63%
 426  KT877351     0.38%    passed     98.37%
 427  KU201959    82.25%    passed      8.37%
 428  KU233362     0.40%    passed     99.23%
 429  KU233363     0.20%    passed     98.70%
 430  KU233364     0.31%    passed     99.31%
 431  KU242423     0.04%    passed     98.00%
 432  KU242424     0.04%    passed     97.88%
 433  KU308549     0.02%    passed     98.82%
 434  KU710264     0.09%    passed     98.93%
 435  KU740200     0.58%    passed     99.03%
 436  KU851859     0.16%    passed     98.92%
 437  KU710265     1.85%    passed     98.94%
 438  KU851860     0.09%    passed     99.13%
 439  KU851861     0.09%    passed     99.07%
 440  KU851862     0.09%    passed     99.08%
 441  KU851863     0.09%    passed     99.01%
 442  KU851864     0.09%    passed     99.08%
 443  KX034093     1.38%    passed     99.77%
 444  KX034094     0.04%    passed     99.07%
 445  KX034095     0.02%    passed     98.81%
 446  KX034097     0.02%    passed     98.79%
 447  KX034096     0.14%    passed     98.46%
 448  KX034098     0.06%    passed     99.23%
 449  KX034099     0.04%    passed     99.18%
 450  KX108937     0.09%    passed     98.99%
 451  KX034100     0.02%    passed     98.83%
 452  KX108939     0.08%    passed     98.96%
 453  KX108938     0.07%    passed     98.98%
 454  KX108941     0.08%    passed     99.26%
 455  KX108940     0.08%    passed     98.94%
 456  KX108942     0.08%    passed     99.03%
 457  KX108943     0.12%    passed     98.43%
 458  KX108944     0.08%    passed     99.26%
 459  KX108945     0.07%    passed     99.06%
 460  KX108946     0.08%    passed     99.40%
 461  KX154684     0.09%    passed     99.20%
 462  KX154685     0.09%    passed     99.15%
 463  KX154686     0.09%    passed     99.10%
 464  KX154688     0.09%    passed     99.09%
 465  KX154687     0.09%    passed     98.84%
 466  KX154689     0.09%    passed     99.52%
 467  KX154690     0.09%    passed     98.49%
 468  KX154691     0.09%    passed     99.44%
 469  KX154692     0.09%    passed     99.17%
 470  KX154693     0.09%    passed     99.19%
 471  KY581684     0.00%    passed     98.12%
 472  KX154694     0.09%    passed     99.15%
 473  KY581685     0.00%    passed     98.10%
 474  KY581686     0.00%    passed     98.15%
 475  KY581687     0.00%    passed     98.10%
 476  KY581688     0.00%    passed     98.05%
 477  KY581689     0.00%    passed     98.10%
 478  KY581690     0.00%    passed     98.15%
 479  KY581691     0.00%    passed     98.10%
 480  KY581692     0.00%    passed     98.15%
 481  KY581693     0.00%    passed     98.62%
 482  KY581694     0.00%    passed     98.40%
 483  KY581695     0.00%    passed     98.14%
 484  KY581697     0.00%    passed     98.32%
 485  KY581696     0.00%    passed     98.69%
 486  KY581698     0.00%    passed     98.14%
 487  KY673146    86.52%    failed      0.70%
 488  KY581699     0.00%    passed     98.14%
 489  KY581700     0.00%    passed     98.32%
 490  KY673147    86.52%    failed      0.74%
 491  KY688114    86.52%    failed      0.76%
 492  KY673148     0.00%    passed     97.88%
 493  KY673149     0.00%    passed     98.73%
 494  KY688118     0.17%    passed     97.19%
 495  KY688119     0.21%    passed     98.93%
 496  KY688120     0.07%    passed     98.81%
 497  KY688121     0.28%    passed     99.31%
 498  KY688122     0.21%    passed     99.47%
 499  KY688123     0.07%    passed     98.80%
 500  KY706245    74.53%    failed      0.00%
 501  KY688124     0.07%    passed     98.81%
 502  KY706246    74.53%    failed      0.00%
 503  KY689142     5.46%    passed     99.46%
 504  KY706247    74.53%    failed      0.00%
 505  LP963763    86.52%    failed      0.85%
 506  LP963770    86.52%    failed      0.85%
 507  LQ466302    86.52%    failed      0.85%
 508  LQ575390    86.52%    failed      0.85%
 509  LP963762     0.02%    passed     95.37%
 510  MF000458     0.26%    passed     98.73%
 511  MF000457     0.41%    passed     98.73%
 512  MF000460     0.26%    passed     98.64%
 513  MF598594     0.00%    passed     98.50%
 514  MF000459     0.35%    passed     97.45%
 515  MF598595     0.00%    passed     98.76%
 516  MF598596     0.00%    passed     98.78%
 517  MF598597     0.00%    passed     98.46%
 518  MF598598     0.02%    passed     98.69%
 519  MF598600     0.00%    passed     98.58%
 520  MF598599     0.00%    passed     98.72%
 521  MF598601     0.00%    passed     98.80%
 522  MF598602     0.00%    passed     98.53%
 523  MF598603     0.00%    passed     98.43%
 524  MF598605     0.00%    passed     98.77%
 525  MF598604     0.00%    passed     98.71%
 526  MF598606     0.00%    passed     98.67%
 527  MF598607     0.00%    passed     98.55%
 528  MF598608     0.00%    passed     98.58%
 529  MF598610     0.00%    passed     98.70%
 530  MF598612     0.00%    passed     98.64%
 531  MF598609     0.00%    passed     98.22%
 532  MF598611     0.00%    passed     98.49%
 533  MF598613     0.00%    passed     98.27%
 534  MF598616     0.00%    passed     98.29%
 535  MF598614     0.00%    passed     98.75%
 536  MF598615     0.00%    passed     98.55%
 537  MF598617     0.00%    passed     98.67%
 538  MF598618     0.00%    passed     98.67%
 539  MF598620     0.00%    passed     98.44%
 540  MF598619     0.00%    passed     98.24%
 541  MF598622     0.00%    passed     98.23%
 542  MF598621     0.00%    passed     98.67%
 543  MF598623     0.00%    passed     98.42%
 544  MF598624     0.00%    passed     98.92%
 545  MF598625     0.00%    passed     98.67%
 546  MF598626     0.00%    passed     98.50%
 547  MF598627     0.00%    passed     98.55%
 548  MF598629     0.00%    passed     98.40%
 549  MF598628     4.02%    passed     80.76%
 550  MF598630     0.00%    passed     98.59%
 551  MF598633     0.00%    passed     98.66%
 552  MF598632     0.00%    passed     98.12%
 553  MF598631     0.16%    passed     97.09%
 554  MF598634     0.00%    passed     98.72%
 555  MF598636     0.00%    passed     98.01%
 556  MF598635     0.00%    passed     97.86%
 557  MF598637     0.00%    passed     98.48%
 558  MF598640     0.00%    passed     98.78%
 559  MF598639     0.00%    passed     97.99%
 560  MF598638     0.00%    passed     98.39%
 561  MF598641     0.00%    passed     98.35%
 562  MF598642    10.72%    passed     63.94%
 563  MF598643     0.00%    passed     98.42%
 564  MF598644     0.00%    passed     98.44%
 565  MF598645     0.00%    passed     98.22%
 566  MF598647     0.00%    passed     98.15%
 567  MF598646     0.00%    passed     98.99%
 568  MF598648     0.00%    passed     98.66%
 569  MF598649     0.00%    passed     98.14%
 570  MF598650     0.00%    passed     98.01%
 571  MF598651     0.00%    passed     98.76%
 572  MF598652     0.00%    passed     98.39%
 573  MF598654     0.00%    passed     98.03%
 574  MF598653     0.00%    passed     98.46%
 575  MF598655     0.00%    passed     98.77%
 576  MF598657     0.00%    passed     98.77%
 577  MF598656     0.00%    passed     98.73%
 578  MF598658     0.00%    passed     98.22%
 579  MF598660     0.00%    passed     98.56%
 580  MF598659     0.00%    passed     98.52%
 581  MF598662     0.00%    passed     98.66%
 582  MF598661     0.00%    passed     98.59%
 583  MF598664     0.00%    passed     98.67%
 584  MF598663     0.00%    passed     98.10%
 585  MF598665     0.00%    passed     97.97%
 586  MF598666     0.00%    passed     98.47%
 587  MF598667     0.00%    passed     97.49%
 588  MF598669     0.00%    passed     98.35%
 589  MF598668     0.00%    passed     98.80%
 590  MF598670     0.00%    passed     98.10%
 591  MF598671     0.00%    passed     98.80%
 592  MF598672     0.00%    passed     98.22%
 593  MF598673     0.00%    passed     98.67%
 594  MF598674     0.00%    passed     97.83%
 595  MF598677     0.00%    passed     98.52%
 596  MF598676     0.00%    passed     98.54%
 597  MF598675     0.00%    passed     98.78%
 598  MF598678     0.00%    passed     98.33%
 599  MF598679     0.00%    passed     98.13%
 600  MF598680     0.00%    passed     98.67%
 601  MF598681     0.00%    passed     98.14%
 602  MF598682     0.00%    passed     98.55%
 603  MF598684     0.00%    passed     98.77%
 604  MF598683     0.00%    passed     98.35%
 605  MF598685     0.00%    passed     98.77%
 606  MF598686     0.00%    passed     98.55%
 607  MF598687     0.00%    passed     98.44%
 608  MF598689     0.01%    passed     98.12%
 609  MF598688     0.00%    passed     98.25%
 610  MF598691     0.00%    passed     98.77%
 611  MF598690     0.00%    passed     98.85%
 612  MF598692     0.00%    passed     98.66%
 613  MF598693     0.00%    passed     98.67%
 614  MF598696     0.00%    passed     98.00%
 615  MF598695     0.00%    passed     98.55%
 616  MF598694     0.00%    passed     98.84%
 617  MF598697     0.00%    passed     98.91%
 618  MF598698     0.00%    passed     98.58%
 619  MF598699     0.00%    passed     98.60%
 620  MF598701     0.00%    passed     98.84%
 621  MF598702     0.00%    passed     98.45%
 622  MF598700     0.00%    passed     98.67%
 623  MF598705     0.00%    passed     98.90%
 624  MF598703     0.00%    passed     98.84%
 625  MF598704     0.00%    passed     98.84%
 626  MF598706     0.00%    passed     98.84%
 627  MF598707     0.00%    passed     98.77%
 628  MF598709     0.00%    passed     98.96%
 629  MF598708     0.00%    passed     98.77%
 630  MF598711     0.00%    passed     98.61%
 631  MF598710     0.00%    passed     98.88%
 632  MF598713     0.00%    passed     98.84%
 633  MF598712     0.00%    passed     97.79%
 634  MF598715     0.00%    passed     98.78%
 635  MF598714     0.00%    passed     98.87%
 636  MF598716     0.00%    passed     98.56%
 637  MF598717     0.00%    passed     98.72%
 638  MF598720     0.00%    passed     98.79%
 639  MF598718     0.32%    passed     96.15%
 640  MF598719     0.00%    passed     98.79%
 641  MF679171    86.53%    failed      0.92%
 642  MF598721     0.00%    passed     98.78%
 643  MF679172    86.52%    failed      0.93%
 644  MF679173    86.53%    failed      0.88%
 645  MF679174    86.53%    failed      0.85%
 646  MF598722     0.00%    passed     98.68%
 647  MF741825     0.25%    passed     98.85%
 648  MF741826     0.25%    passed     98.96%
 649  MF741827     2.67%    passed     82.51%
 650  MF741829     0.25%    passed     98.84%
 651  MF741828     0.25%    passed     99.07%
 652  MF741831     0.25%    passed     98.90%
 653  MF741830     0.25%    passed     98.84%
 654  MF741834     0.28%    passed     99.02%
 655  MF741833     0.28%    passed     99.03%
 656  MF741832     2.66%    passed     82.78%
 657  MF741835     0.28%    passed     98.91%
 658  MF741836     0.28%    passed     98.87%
 659  MF741837     0.28%    passed     98.91%
 660  MG011341     0.09%    passed     99.06%
 661  MG011340     0.11%    passed     99.39%
 662  MG011342     0.09%    passed     98.22%
 663  MG011345     0.09%    passed     98.09%
 664  MG011343     0.09%    passed     98.94%
 665  MG011344     0.09%    passed     99.11%
 666  MG011346     0.09%    passed     99.06%
 667  MG011348     0.09%    passed     99.45%
 668  MG011347     0.09%    passed     98.80%
 669  MG011349     0.09%    passed     99.36%
 670  MG011350     0.09%    passed     99.33%
 671  MG011353     0.09%    passed     98.98%
 672  MG011351     0.09%    passed     99.07%
 673  MG011352     0.09%    passed     99.06%
 674  MG011355     0.09%    passed     99.07%
 675  MG011356     0.09%    passed     98.48%
 676  MG011354     0.09%    passed     99.00%
 677  MG011358     0.09%    passed     99.11%
 678  MG011357     0.09%    passed     98.47%
 679  MG011359     0.09%    passed     99.34%
 680  MG011361     0.09%    passed     99.42%
 681  MG011360     0.09%    passed     99.48%
 682  MG011362     0.09%    passed     99.46%
 683  MG280944     6.11%    passed     98.73%
 684  KC875821    86.62%    failed      2.28%
 685  MG280945     6.06%    passed     98.02%
 686  MG366880     0.01%    passed     98.25%
 687  MG366483     0.09%    passed     98.87%
 688  MG366883     0.00%    passed     97.98%
 689  MG366882     0.00%    passed     98.07%
 690  MG366881     0.01%    passed     97.93%
 691  MG470650     0.03%    passed     98.81%
 692  MG520075     0.09%    passed     99.03%
 693  MG520076     0.09%    passed     99.03%
 694  MG546330     0.01%    passed     98.71%
 695  MG757593     0.09%    passed     99.11%
 696  MG546331     0.00%    passed     98.58%
 697  MG757594     0.09%    passed     98.99%
 698  MG757595     0.09%    passed     98.67%
 699  MG757596     0.09%    passed     99.10%
 700  MG757598     0.09%    passed     99.18%
 701  MG757597     0.09%    passed     99.15%
 702  MG757600     0.09%    passed     99.09%
 703  MG757599     0.09%    passed     99.14%
 704  MG757603     0.09%    passed     99.05%
 705  MG757601     0.09%    passed     98.94%
 706  MG757602     0.09%    passed     99.00%
 707  MG757604     0.09%    passed     99.48%
 708  MG757605     0.09%    passed     98.92%
 709  MG912595     0.00%    passed     98.04%
 710  MG912596     0.01%    passed     98.22%
 711  MG912597     0.01%    passed     98.02%
 712  MG912598     0.00%    passed     98.02%
 713  MG912599     0.00%    passed     98.12%
 714  MG912601     0.00%    passed     98.02%
 715  MG912600     0.01%    passed     98.16%
 716  MG912602     0.01%    passed     98.08%
 717  MG912604     0.00%    passed     98.20%
 718  MG912603     0.00%    passed     98.10%
 719  MG912605     0.01%    passed     98.06%
 720  MG912606     0.01%    passed     98.21%
 721  MG912607     0.00%    passed     98.52%
 722  MG912608     0.00%    passed     98.38%
 723  MG923465    84.52%    failed      0.00%
 724  MG912609    30.65%    passed     52.07%
 725  MG923466     0.26%    passed     99.79%
 726  MG923467     0.16%    passed     99.88%
 727  MG923468     0.11%    passed     99.65%
 728  MG923469     2.34%    passed     96.70%
 729  MG923470     2.33%    passed     96.86%
 730  MG923472     1.48%    passed     98.76%
 731  MG923471     1.34%    passed     97.14%
 732  MG923473     2.50%    passed     98.62%
 733  MG923474     2.22%    passed     98.85%
 734  MG923475     2.19%    passed     97.53%
 735  MG923476     2.22%    passed     97.71%
 736  MG923477     2.21%    passed     97.40%
 737  MG923478     2.19%    passed     98.11%
 738  MG923479     2.22%    passed     98.33%
 739  MG923481     2.19%    passed     98.43%
 740  MG923480     2.20%    passed     98.17%
 741  MH029552     0.00%    passed     98.61%
 742  MH013216     0.02%    passed     97.88%
 743  MH259485     0.15%    passed     98.57%
 744  MH306207     0.02%    passed     98.76%
 745  MH259486     0.05%    passed     98.79%
 746  MH310909     0.19%    passed     98.22%
 747  MH310910     0.09%    passed     98.82%
 748  MH310911     0.09%    passed     98.72%
 749  MH371127     0.02%    passed     98.76%
 750  MH310912     0.13%    passed     99.27%
 751  MH432120     0.02%    passed     98.67%
 752  MH395139     0.02%    passed     99.30%
 753  MH454272     0.02%    passed     98.88%
 754  MH734114     0.30%    passed     99.81%
 755  MH978886    86.52%    failed      0.85%
 756  MH978887    86.52%    failed      0.85%
 757  MH978888    86.52%    failed      0.84%
 758  MH822886     0.15%    passed     99.72%
 759  MH734115     0.30%    passed     99.81%
 760  MK039552     0.00%    passed     98.57%
 761  MK039553     0.00%    passed     98.34%
 762  MK052676     0.00%    passed     98.34%
 763  MK129253     0.00%    passed     98.63%
 764  MK357908     1.08%    passed     99.92%
 765  MK280984     0.30%    passed     99.64%
 766  MK357909     1.08%    passed     99.85%
 767  MK462243     0.03%    passed     99.26%
 768  MK462244     0.02%    passed     99.12%
 769  MK462245     0.03%    passed     99.26%
 770  MK462246     0.03%    passed     99.17%
 771  MK462247     0.02%    passed     99.39%
 772  MK462248     0.02%    passed     99.06%
 773  MK462250     0.02%    passed     98.43%
 774  MK462249     0.02%    passed     98.98%
 775  MK462251     0.02%    passed     98.92%
 776  MK462252     0.02%    passed     97.96%
 777  MK462253     0.02%    passed     99.28%
 778  MK462254     0.02%    passed     99.06%
 779  MK462257    86.52%    failed      0.78%
 780  MK462258    86.52%    failed      0.81%
 781  MK462255     0.24%    passed     98.96%
 782  KT624236    89.51%    passed     30.73%
 783  MK483839     0.02%    passed     98.85%
 784  MK462256     0.02%    passed     98.58%
 785  MK564474     0.13%    passed     99.02%
 786  MK858156    86.52%    failed      0.85%
 787  MK858158    86.52%    failed      0.88%
 788  MK858157    86.52%    failed      0.84%
 789  MK564475     0.13%    passed     98.63%
 790  MK858159    86.52%    failed      0.94%
 791  MK858161    86.52%    failed      0.96%
 792  MK858160    86.52%    failed      0.96%
 793  MK858162    86.52%    failed      0.96%
 794  MK858163    86.52%    failed      0.88%
 795  MK858164    86.52%    failed      0.95%
 796  MK910259    86.52%    failed      1.01%
 797  MK796425     0.06%    passed     99.43%
 798  MK967708     0.06%    passed     99.51%
 799  MN120513     0.02%    passed     98.87%
 800  MN120514     0.02%    passed     98.96%
 801  MN403102    86.52%    failed      0.97%
 802  MN403101    86.52%    failed      1.01%
 803  MN365232     0.02%    passed     98.86%
 804  MN365233     0.02%    passed     98.97%
 805  KT624237    89.51%    passed     32.33%
 806  MN481966     0.68%    passed     99.12%
 807  MN481964     0.68%    passed     99.12%
 808  MN481965     0.68%    passed     99.12%
 809  MN481968     0.68%    passed     99.10%
 810  MN481967     0.68%    passed     99.13%
 811  MN481969     0.68%    passed     99.12%
 812  MN481970     0.68%    passed     99.12%
 813  MN481971     0.68%    passed     99.29%
 814  MN481973     0.68%    passed     99.19%
 815  MN481975     0.68%    passed     99.20%
 816  MN481972     0.68%    passed     99.03%
 817  KT624238    89.51%    passed     30.96%
 818  MN481974     0.69%    passed     99.16%
 819  MN481976     0.68%    passed     99.12%
 820  MN481978     0.68%    passed     99.19%
 821  MN481981     0.68%    passed     99.53%
 822  MN481979     0.68%    passed     99.49%
 823  MN481977     0.68%    passed     99.27%
 824  MN481983     0.69%    passed     99.49%
 825  MN481980     0.68%    passed     99.58%
 826  MN481982     0.68%    passed     99.52%
 827  MN507638     0.30%    passed     99.75%
 828  MN481985     0.68%    passed     99.53%
 829  MN481986     0.68%    passed     99.59%
 830  MN481984     0.68%    passed     99.53%
 831  MN654971     0.04%    passed     99.20%
 832  MN654972     0.40%    passed     99.92%
 833  MN654970     0.40%    passed     99.87%
 834  MN654976     0.04%    passed     99.16%
 835  MN654973     0.04%    passed     99.29%
 836  MN654974     0.38%    passed     99.54%
 837  MN654975     0.04%    passed     99.31%
 838  MN654977     0.09%    passed     98.83%
 839  MN654981     0.40%    passed     99.65%
 840  MN654978     0.40%    passed     99.90%
 841  MN654980     0.40%    passed     99.90%
 842  MN654979     0.41%    passed     99.59%
 843  MN654982     0.40%    passed     99.76%
 844  MN654983     0.04%    passed     99.76%
 845  MN654984     0.04%    passed     99.09%
 846  MN654985     0.40%    passed     99.33%
 847  MN654987     0.41%    passed     99.59%
 848  MN654989     0.04%    passed     98.77%
 849  MN654988     0.04%    passed     99.02%
 850  MN654990     0.04%    passed     99.15%
 851  MN654986     0.40%    passed     99.68%
 852  MN654991     0.04%    passed     99.13%
 853  MN654992     0.07%    passed     99.58%
 854  MN654993     0.41%    passed     99.56%
 855  MN654995     0.04%    passed     98.85%
 856  MN654994     0.25%    passed     99.88%
 857  MN654996     0.39%    passed     99.89%
 858  MN654997     0.04%    passed     98.96%
 859  MN654998     0.40%    passed     99.33%
 860  MN654999     0.04%    passed     99.73%
 861  MN655000     0.40%    passed     99.76%
 862  MN655002     0.40%    passed     99.64%
 863  MN655003     0.40%    passed     99.33%
 864  MN655004     0.04%    passed     99.16%
 865  MN655001     0.04%    passed     99.50%
 866  MN655006     0.04%    passed     98.91%
 867  MN655008     0.04%    passed     98.84%
 868  MN655007     0.39%    passed     99.28%
 869  MN655009     0.04%    passed     99.73%
 870  MN655005     0.04%    passed     99.76%
 871  MN655010     0.40%    passed     99.52%
 872  MN655011     0.40%    passed     99.82%
 873  MN655013     0.40%    passed     99.77%
 874  MN655012     0.41%    passed     99.51%
 875  MN655014     0.05%    passed     98.77%
 876  MN735679    86.52%    failed      0.98%
 877  MN655016     0.43%    passed     99.92%
 878  MN655017     0.41%    passed     99.78%
 879  MN735680    86.52%    failed      0.88%
 880  MN735681    86.52%    failed      0.89%
 881  MN655015     0.41%    passed     99.56%
 882  MN735682    86.52%    failed      0.91%
 883  MN723542     0.01%    passed     98.92%
 884  MN723544     0.00%    passed     99.00%
 885  MN723543     0.01%    passed     98.96%
 886  MN758606     0.12%    passed     99.63%
 887  MN758607     0.12%    passed     98.66%
 888  MN758611     0.12%    passed     99.63%
 889  MN758610     0.12%    passed     99.63%
 890  MN758612     0.12%    passed     99.63%
 891  MN758608     0.12%    passed     99.39%
 892  MN758613     0.12%    passed     99.57%
 893  MT226601     0.02%    passed     98.85%
 894  MT226600     0.02%    passed     98.72%
 895  MN758614     0.12%    passed     99.57%
 896  MT226602     0.02%    passed     99.10%
 897  MT226604     0.02%    passed     98.85%
 898  MT226605     0.02%    passed     98.94%
 899  MT226606     0.02%    passed     98.83%
 900  MT361640     0.00%    passed     98.89%
 901  MT226607     0.02%    passed     98.32%
 902  MT387202     0.06%    passed     99.43%
 903  MN758609     0.12%    passed     98.98%
 904  MT226603     0.02%    passed     98.71%
 905  MT576585     0.06%    passed     94.63%
 906  MT675254    10.86%    passed     94.39%
 907  MT675253     1.21%    passed     99.82%
 908  MT675256     0.09%    passed     99.34%
 909  MT675255     3.66%    passed     99.08%
 910  MT675259     4.43%    passed     96.32%
 911  MT675258    19.15%    passed     72.19%
 912  MT675262     0.32%    passed     99.50%
 913  MT675257     4.40%    passed     97.86%
 914  MT675260     0.21%    passed     99.38%
 915  MT675264    11.91%    passed     86.29%
 916  MT675261     3.82%    passed     98.86%
 917  MT675263    10.53%    passed     91.10%
 918  MT675266    14.70%    passed     91.48%
 919  MT675265     0.44%    passed     98.20%
 920  MT675268    21.54%    passed     93.85%
 921  MT675270    48.31%    passed     36.27%
 922  MT675269     0.87%    passed     99.18%
 923  MT675267    40.97%    passed     47.13%
 924  MW086530     1.12%    passed     99.36%
 925  MW086528     1.12%    passed     99.27%
 926  MW086527     1.13%    passed     99.23%
 927  MW086529     1.12%    passed     99.24%
 928  MW086532     1.12%    passed     99.19%
 929  MW086531     1.14%    passed     99.29%
 930  MW086534     0.99%    passed     99.57%
 931  MW086535     0.99%    passed     99.56%
 932  MW086533     1.01%    passed     99.48%
 933  MW086536    22.56%    passed     54.93%
 934  MW086538     1.00%    passed     99.52%
 935  MW086540    39.68%    failed      2.70%
 936  MW086537    22.53%    passed     54.30%
 937  MW545527     0.07%    passed     99.20%
 938  MZ268404     0.10%    passed     89.94%
 939  MW545528     0.07%    passed     99.36%
 940  MW086539     1.03%    passed     99.51%
 941  NC_038294    0.04%    passed     98.48%
 942  MZ268405     0.06%    passed     93.85%
 943  NC_019843    0.02%    passed     95.37%
 944  OK094447     0.05%    passed     95.87%
 945  OK094449     0.04%    passed     96.00%
 946  OK094446     0.05%    passed     95.84%
 947  OK094448     0.04%    passed     95.98%
 948  OK094450     0.05%    passed     96.10%
 949  OK094452     0.05%    passed     96.03%
 950  OK094454     0.05%    passed     95.82%
 951  OK094451     0.04%    passed     96.00%
 952  OK094453     0.06%    passed     95.92%
 953  OL622035     0.43%    passed     99.58%
 954  OP654178     0.04%    passed     99.16%
 955  OL622036     0.44%    passed     99.65%
 956  OP654179     0.04%    passed     99.35%
 957  OP712623     0.09%    passed     99.18%
 958  OP712624     0.05%    passed     99.91%
 959  OK573213     0.22%    passed     94.56%
 960  OP866275     0.26%    passed     99.69%
 961  OP866274     0.23%    passed     99.81%
 962  OP866277     0.10%    passed     99.86%
 963  OP866276     0.26%    passed     99.95%
 964  OP712625     0.07%    passed     99.87%
 965  OP866278     0.13%    passed     99.89%
 966  OP866280     0.26%    passed     98.68%
 967  OP866279     0.20%    passed     98.02%
 968  OP866281     0.20%    passed     97.80%
 969  OP866282     0.32%    passed     99.35%
 970  OP866283     0.36%    passed     99.21%
 971  OP866284     0.17%    passed     99.43%
 972  OP866287     0.15%    passed     91.64%
 973  OP866286     0.42%    passed     98.41%
 974  OP866285     0.23%    passed     97.09%
 975  OP866288     0.29%    passed     91.08%
 976  OP866289     0.34%    passed     97.69%
 977  OP866292     0.42%    passed     98.11%
 978  OP866291     0.42%    passed     98.12%
 979  OP866290     0.28%    passed     97.34%
 980  OP906306     0.19%    passed     99.30%
 981  OP866293     0.43%    passed     98.18%
 982  OQ423283     0.11%    passed     99.24%
 983  OP866294     0.33%    passed     98.12%
 984  OQ423284     0.24%    passed     99.13%
 985  OQ423285     0.38%    passed     99.77%
 986  OQ423287     0.31%    passed     99.75%
 987  OQ423286     0.11%    passed     99.31%
 988  OR742168    29.50%    failed      0.13%
 989  OR742167    29.50%    failed      0.13%
 990  OR742170    29.50%    failed      0.11%
 991  OR742169    29.50%    failed      0.13%
 992  OR742174    29.50%    failed      0.09%
 993  OR742172    29.50%    failed      0.11%
 994  OR742171    29.50%    failed      0.11%
 995  OR742173    29.50%    failed      0.14%
 996  OR742175    29.50%    failed      0.10%
 997  PP504664     6.75%    passed     47.99%
 998  PP504665     6.67%    passed     47.46%
 999  KT624239    89.51%    passed     32.33%
WARNING: 239 sequences contain more than 50% gaps/ambiguity
****  TOTAL       21.58%  242 sequences failed composition chi2 test (p-value<5%; df=3)
NOTE: LP963762 is identical to JX869059 but kept for subsequent analysis
NOTE: NC_038294 is identical to KC164505 but kept for subsequent analysis
NOTE: KF917527 is identical to KF958702 but kept for subsequent analysis
NOTE: MN481977 is identical to KM027255 but kept for subsequent analysis
NOTE: KM027265 is identical to KM027263 but kept for subsequent analysis
NOTE: KT357802 is identical to KM027277 but kept for subsequent analysis
NOTE: KM027280 is identical to KM027278 but kept for subsequent analysis
NOTE: KP209311 is identical to KP209309 but kept for subsequent analysis
NOTE: KR912190 is identical to KR912189 but kept for subsequent analysis
NOTE: KR011264 is identical to KR011263 but kept for subsequent analysis
NOTE: KT026453 is identical to KT026455 but kept for subsequent analysis
NOTE: KT121572 is identical to KT121573 but kept for subsequent analysis
NOTE: KT182955 is identical to KT182954 but kept for subsequent analysis
NOTE: KT275308 is identical to KT275306 but kept for subsequent analysis
NOTE: KT368832 is identical to KT368829 but kept for subsequent analysis
NOTE: KT368839 is identical to KT368837 but kept for subsequent analysis
NOTE: KT368862 is identical to KT368863 but kept for subsequent analysis
NOTE: KT368885 is identical to KT368886 but kept for subsequent analysis
NOTE: KT374050 is identical to KT374051 but kept for subsequent analysis
NOTE: KT374055 is identical to KT374054 but kept for subsequent analysis
NOTE: KT805962 is identical to KT805961 but kept for subsequent analysis
NOTE: KT805965 is identical to KT805964 but kept for subsequent analysis
NOTE: KT806001 is identical to KT805970 but kept for subsequent analysis
NOTE: KT806005 is identical to KT805974 but kept for subsequent analysis
NOTE: KT806003 is identical to KT805978 but kept for subsequent analysis
NOTE: KT805990 is identical to KT805989 but kept for subsequent analysis
NOTE: KT805997 is identical to KT805995 but kept for subsequent analysis
NOTE: KT805996 is identical to KT805993 but kept for subsequent analysis
NOTE: KT806014 is identical to KT806002 but kept for subsequent analysis
NOTE: KT868865 is identical to KT868866 but kept for subsequent analysis
NOTE: KT868876 is identical to KT868872 but kept for subsequent analysis
NOTE: KY581698 is identical to KY581695 but kept for subsequent analysis
NOTE: KY581700 is identical to KY581697 but kept for subsequent analysis
NOTE: KY688124 is identical to KY688120 but kept for subsequent analysis
NOTE: KY706246 is identical to KY706245 but kept for subsequent analysis
NOTE: LP963770 is identical to LP963763 but kept for subsequent analysis
NOTE: MF598655 is identical to MF598605 but kept for subsequent analysis
NOTE: MF598662 is identical to MF598633 but kept for subsequent analysis
NOTE: MF598685 is identical to MF598684 but kept for subsequent analysis
NOTE: MF598704 is identical to MF598703 but kept for subsequent analysis
NOTE: MF598708 is identical to MF598707 but kept for subsequent analysis
NOTE: MF598719 is identical to MF598720 but kept for subsequent analysis
NOTE: MF741837 is identical to MF741835 but kept for subsequent analysis
NOTE: MG520076 is identical to MG520075 but kept for subsequent analysis
NOTE: MH734115 is identical to MH734114 but kept for subsequent analysis
NOTE: MH978887 is identical to MH978886 but kept for subsequent analysis
NOTE: MK052676 is identical to MK039553 but kept for subsequent analysis
NOTE: MN735680 is identical to MK858158 but kept for subsequent analysis
NOTE: MK858160 is identical to MK858161 but kept for subsequent analysis
NOTE: MT387202 is identical to MK796425 but kept for subsequent analysis
NOTE: KT624239 is identical to KT624237 but kept for subsequent analysis
NOTE: MN481964 is identical to MN481966 but kept for subsequent analysis
NOTE: MN481984 is identical to MN481981 but kept for subsequent analysis
NOTE: MN654987 is identical to MN654979 but kept for subsequent analysis
NOTE: MN655000 is identical to MN654982 but kept for subsequent analysis
NOTE: MN655005 is identical to MN654983 but kept for subsequent analysis
NOTE: MN654998 is identical to MN654985 but kept for subsequent analysis
NOTE: MN655015 is identical to MN654993 but kept for subsequent analysis
NOTE: MN655009 is identical to MN654999 but kept for subsequent analysis
NOTE: MN758610 is identical to MN758606 but kept for subsequent analysis
NOTE: OK094451 is identical to OK094449 but kept for subsequent analysis
NOTE: OR742167 is identical to OR742168 but kept for subsequent analysis
NOTE: OR742172 is identical to OR742170 but kept for subsequent analysis
NOTE: 73 identical sequences (see below) will be ignored for subsequent analysis
NOTE: NC_019843 (identical to JX869059) is ignored but added at the end
NOTE: KM027264 (identical to KM027263) is ignored but added at the end
NOTE: KM027266 (identical to KM027263) is ignored but added at the end
NOTE: KM027267 (identical to KM027263) is ignored but added at the end
NOTE: KM027269 (identical to KM027263) is ignored but added at the end
NOTE: KM027272 (identical to KM027263) is ignored but added at the end
NOTE: KM027291 (identical to KM027263) is ignored but added at the end
NOTE: KT861629 (identical to KM027263) is ignored but added at the end
NOTE: KT861630 (identical to KM027263) is ignored but added at the end
NOTE: KT861631 (identical to KM027263) is ignored but added at the end
NOTE: KT861633 (identical to KM027263) is ignored but added at the end
NOTE: KM027282 (identical to KM027278) is ignored but added at the end
NOTE: KM027283 (identical to KM027278) is ignored but added at the end
NOTE: KM027287 (identical to KM027278) is ignored but added at the end
NOTE: KM027290 (identical to KM027278) is ignored but added at the end
NOTE: KM027289 (identical to KM027278) is ignored but added at the end
NOTE: KM027292 (identical to KM027278) is ignored but added at the end
NOTE: KT357804 (identical to KM027278) is ignored but added at the end
NOTE: KT357803 (identical to KM027278) is ignored but added at the end
NOTE: KT357805 (identical to KM027278) is ignored but added at the end
NOTE: KT357806 (identical to KM027278) is ignored but added at the end
NOTE: KT357807 (identical to KM027278) is ignored but added at the end
NOTE: KT357808 (identical to KM027278) is ignored but added at the end
NOTE: KT357809 (identical to KM027278) is ignored but added at the end
NOTE: KT357812 (identical to KM027278) is ignored but added at the end
NOTE: KY581691 (identical to KP209309) is ignored but added at the end
NOTE: KR912191 (identical to KR912189) is ignored but added at the end
NOTE: KR912192 (identical to KR912189) is ignored but added at the end
NOTE: KR912193 (identical to KR912189) is ignored but added at the end
NOTE: KR912194 (identical to KR912189) is ignored but added at the end
NOTE: KT806000 (identical to KR912189) is ignored but added at the end
NOTE: KR011266 (identical to KR011263) is ignored but added at the end
NOTE: KT121575 (identical to KT121573) is ignored but added at the end
NOTE: KT805963 (identical to KT805961) is ignored but added at the end
NOTE: KT805967 (identical to KT805964) is ignored but added at the end
NOTE: KT805979 (identical to KT805964) is ignored but added at the end
NOTE: KT805977 (identical to KT805964) is ignored but added at the end
NOTE: KT805980 (identical to KT805964) is ignored but added at the end
NOTE: KT805982 (identical to KT805964) is ignored but added at the end
NOTE: KT806012 (identical to KT805964) is ignored but added at the end
NOTE: KT806009 (identical to KT805964) is ignored but added at the end
NOTE: KT806018 (identical to KT805964) is ignored but added at the end
NOTE: MF679172 (identical to KT805964) is ignored but added at the end
NOTE: KT806004 (identical to KT805970) is ignored but added at the end
NOTE: KT806007 (identical to KT805974) is ignored but added at the end
NOTE: KT806024 (identical to KT805989) is ignored but added at the end
NOTE: KT806025 (identical to KT805989) is ignored but added at the end
NOTE: KT806026 (identical to KT805989) is ignored but added at the end
NOTE: KT806029 (identical to KT805989) is ignored but added at the end
NOTE: KT806030 (identical to KT805989) is ignored but added at the end
NOTE: KT806031 (identical to KT805989) is ignored but added at the end
NOTE: KT806033 (identical to KT805989) is ignored but added at the end
NOTE: KT806034 (identical to KT805989) is ignored but added at the end
NOTE: KT806035 (identical to KT805989) is ignored but added at the end
NOTE: KT806039 (identical to KT805989) is ignored but added at the end
NOTE: KT805998 (identical to KT805995) is ignored but added at the end
NOTE: KT805999 (identical to KT805995) is ignored but added at the end
NOTE: KT806013 (identical to KT805995) is ignored but added at the end
NOTE: KT806023 (identical to KT806002) is ignored but added at the end
NOTE: KT868868 (identical to KT868866) is ignored but added at the end
NOTE: KT868873 (identical to KT868866) is ignored but added at the end
NOTE: KY581699 (identical to KY581695) is ignored but added at the end
NOTE: KY706247 (identical to KY706245) is ignored but added at the end
NOTE: LQ466302 (identical to LP963763) is ignored but added at the end
NOTE: LQ575390 (identical to LP963763) is ignored but added at the end
NOTE: MF598692 (identical to MF598633) is ignored but added at the end
NOTE: MF598706 (identical to MF598703) is ignored but added at the end
NOTE: MF598713 (identical to MF598703) is ignored but added at the end
NOTE: MK858162 (identical to MK858161) is ignored but added at the end
NOTE: MN481965 (identical to MN481966) is ignored but added at the end
NOTE: MN655003 (identical to MN654985) is ignored but added at the end
NOTE: MN758612 (identical to MN758606) is ignored but added at the end
NOTE: OR742171 (identical to OR742170) is ignored but added at the end
Alignment was printed to results/aligned-delim.fasta.uniqueseq.phy

For your convenience alignment with unique sequences printed to results/aligned-delim.fasta.uniqueseq.phy

Create initial parsimony tree by phylogenetic likelihood library (PLL)... 1.324 seconds

NOTE: 156 MB RAM (0 GB) is required!
Measuring multi-threading efficiency up to 1 CPU cores
2 trees examined
Threads: 1 / Time: 2.150 sec / Speedup: 1.000 / Efficiency: 100% / LogL: -406494
BEST NUMBER OF THREADS: 1

Estimate model parameters (epsilon = 0.500)
1. Initial log-likelihood: -111124.605
2. Current log-likelihood: -107190.553
3. Current log-likelihood: -107186.453
Optimal log-likelihood: -107185.967
Rate parameters:  A-C: 0.56259  A-G: 1.63429  A-T: 0.27401  C-G: 0.37267  C-T: 4.89950  G-T: 1.00000
Base frequencies:  A: 0.262  C: 0.202  G: 0.209  T: 0.327
Parameters optimization took 3 rounds (24.192 sec)
Computing ML distances based on estimated model parameters...
Computing ML distances took 8.791571 sec (of wall-clock time) 8.789631 sec(of CPU time)
Computing RapidNJ tree took 0.112773 sec (of wall-clock time) 0.143545 sec (of CPU time)
Log-likelihood of RapidNJ tree: -112338.719
--------------------------------------------------------------------
|             INITIALIZING CANDIDATE TREE SET                      |
--------------------------------------------------------------------

Do NNI search on 2 best initial trees
Estimate model parameters (epsilon = 0.500)
BETTER TREE FOUND at iteration 1: -107086.880
Finish initializing candidate tree set (4)
Current best tree score: -107086.880 / CPU time: 26.431
Number of iterations: 2
TREE SEARCH COMPLETED AFTER 2 ITERATIONS / Time: 0h:1m:15s

--------------------------------------------------------------------
|                    FINALIZING TREE SEARCH                        |
--------------------------------------------------------------------
Performs final model parameters optimization
Estimate model parameters (epsilon = 0.050)
1. Initial log-likelihood: -107086.880
Optimal log-likelihood: -107086.861
Rate parameters:  A-C: 0.56440  A-G: 1.63189  A-T: 0.27223  C-G: 0.37059  C-T: 4.90152  G-T: 1.00000
Base frequencies:  A: 0.262  C: 0.202  G: 0.209  T: 0.327
Parameters optimization took 1 rounds (2.335 sec)
BEST SCORE FOUND : -107086.861
Total tree length: 0.279

Total number of iterations: 2
CPU time used for tree search: 26.422 sec (0h:0m:26s)
Wall-clock time used for tree search: 26.451 sec (0h:0m:26s)
Total CPU time used: 76.878 sec (0h:1m:16s)
Total wall-clock time used: 77.771 sec (0h:1m:17s)

Analysis results written to: 
  IQ-TREE report:                results/aligned-delim.fasta.iqtree
  Maximum-likelihood tree:       results/aligned-delim.fasta.treefile
  Likelihood distances:          results/aligned-delim.fasta.mldist
  Screen log file:               results/aligned-delim.fasta.log

Date and Time: Fri Jun  7 19:52:07 2024
