IQ-TREE multicore version 2.1.2 COVID-edition for Linux 64-bit built Oct 22 2020
Developed by Bui Quang Minh, James Barbetti, Nguyen Lam Tung,
Olga Chernomor, Heiko Schmidt, Dominik Schrempf, Michael Woodhams.

Host:    b48d2656fdbf (AVX512, FMA3, 7 GB RAM)
Command: iqtree -ntmax 1 -s results/aligned-delim.fasta -m GTR -ninit 2 -n 2 -me 0.05 -nt AUTO -redo
Seed:    665929 (Using SPRNG - Scalable Parallel Random Number Generator)
Time:    Tue Jun  4 21:12:12 2024
Kernel:  AVX+FMA - auto-detect threads (8 CPU cores detected)

Reading alignment file results/aligned-delim.fasta ... Fasta format detected
Alignment most likely contains DNA/RNA sequences
Alignment has 1015 sequences with 30123 columns, 16857 distinct patterns
13018 parsimony-informative, 2439 singleton sites, 14666 constant sites
           Gap/Ambiguity  Composition  p-value
   1  KF186564     0.14%    passed     98.45%
   2  KF186565     0.18%    passed     98.36%
   3  JX869059     0.02%    passed     96.06%
   4  KC667074     0.04%    passed     98.88%
   5  KC164505     0.04%    passed     98.95%
   6  KC776174     0.31%    passed     97.26%
   7  KF186566     0.04%    passed     98.72%
   8  KF186567     0.02%    passed     98.77%
   9  KF600612     0.20%    passed     98.01%
  10  KF600615    77.85%    passed     14.06%
  11  KF192507     0.02%    passed     98.00%
  12  KF600616    87.43%    passed     14.92%
  13  KF600622    89.58%    failed      0.00%
  14  KF600613     0.20%    passed     98.67%
  15  KF600623    69.65%    failed      0.00%
  16  KF600626    61.37%    passed     35.97%
  17  KF600631    86.39%    failed      2.84%
  18  KF600620     0.24%    passed     97.59%
  19  KF600627     0.16%    passed     98.50%
  20  KF600628     0.06%    passed     98.97%
  21  KF600636    48.67%    failed      3.29%
  22  KF600638    79.52%    passed      8.05%
  23  KF600642    86.14%    passed      8.35%
  24  KF600630     0.14%    passed     97.90%
  25  KF600632     0.05%    passed     98.90%
  26  KF600634     0.20%    passed     98.99%
  27  KF600643    47.00%    passed      5.16%
  28  KF600648    85.64%    failed      2.31%
  29  KF600646    68.05%    passed      7.03%
  30  KC869678     0.69%    failed      0.00%
  31  KF600644     0.15%    passed     98.44%
  32  KF811036    86.52%    failed      0.70%
  33  KF600645     0.18%    passed     98.21%
  34  KF600655    38.57%    failed      0.95%
  35  KF600647     0.03%    passed     98.45%
  36  KF600652     0.14%    passed     97.87%
  37  KF917527     0.90%    passed     99.24%
  38  KF600651     0.06%    passed     98.99%
  39  KJ156865    85.72%    failed      0.00%
  40  KF745068     0.74%    passed     98.61%
  41  KJ156860    79.87%    failed      0.62%
  42  KJ156873    65.72%    failed      0.05%
  43  KF958702     0.90%    passed     99.24%
  44  KF961221     0.13%    passed     99.20%
  45  KJ156872    69.45%    failed      0.00%
  46  KF961222     0.12%    passed     99.16%
  47  KJ156876    67.26%    failed      0.00%
  48  KJ156869     0.23%    passed     99.23%
  49  KJ156866     0.23%    passed     98.85%
  50  KJ156886    79.72%    failed      0.53%
  51  KJ156874     0.23%    passed     98.20%
  52  KJ156881     0.23%    passed     98.98%
  53  KJ156894    74.29%    passed     17.96%
  54  KJ156901    67.26%    failed      0.00%
  55  KJ156895    83.41%    passed     42.22%
  56  KJ156888    37.41%    failed      0.85%
  57  KJ156903    89.94%    failed      1.85%
  58  KJ156905    66.76%    failed      0.02%
  59  KJ156891    36.38%    failed      0.76%
  60  KJ156907    88.80%    failed      0.00%
  61  KJ156908    83.86%    passed      5.61%
  62  KJ156911    69.59%    failed      0.00%
  63  KJ156896    39.36%    failed      1.19%
  64  KJ156920    76.28%    failed      1.44%
  65  KJ156922    79.01%    passed     16.97%
  66  KJ156927    86.19%    failed      0.00%
  67  KJ156914    80.12%    failed      0.52%
  68  KJ156918    38.54%    failed      0.94%
  69  KJ156929    85.81%    failed      3.16%
  70  KJ156930    85.93%    failed      4.92%
  71  KJ156916     7.15%    passed     93.33%
  72  KJ156936    80.44%    failed      1.18%
  73  KJ156935    79.86%    failed      0.62%
  74  KJ156910     0.23%    passed     98.21%
  75  KJ156939    67.26%    failed      0.00%
  76  KJ156931    78.87%    failed      1.07%
  77  KJ156934     0.23%    passed     98.75%
  78  KJ156937    36.04%    failed      0.70%
  79  KJ156940    70.05%    failed      1.48%
  80  KJ156926    38.35%    failed      0.65%
  81  KJ156945    84.25%    passed      6.59%
  82  KJ156942     8.28%    passed     94.89%
  83  KJ156943    38.59%    failed      0.98%
  84  KJ156947    72.59%    passed      7.63%
  85  KJ156941    38.44%    failed      0.09%
  86  KJ156946    36.46%    failed      0.76%
  87  KJ156948    79.06%    failed      4.35%
  88  KJ156944     0.23%    passed     99.14%
  89  KJ156951    66.98%    failed      4.05%
  90  KJ156954    86.18%    failed      3.36%
  91  KJ156949     0.23%    passed     98.74%
  92  KJ361499     3.64%    passed     96.75%
  93  KJ361501     0.92%    passed     98.12%
  94  KJ156952     0.23%    passed     98.18%
  95  KJ361500     2.85%    passed     99.98%
  96  KJ361502     1.34%    passed     96.49%
  97  KJ477102     0.71%    passed     99.65%
  98  KJ477103     0.07%    passed     99.69%
  99  KJ361503     0.28%    passed     98.35%
 100  KJ614529     0.10%    passed     97.92%
 101  KJ650295     0.08%    passed     98.94%
 102  KJ556336     0.77%    passed     98.87%
 103  KJ650296     0.08%    passed     98.96%
 104  KJ650098     0.02%    passed     99.16%
 105  KJ650297     0.06%    passed     98.83%
 106  KJ713296     0.03%    passed     99.34%
 107  KJ713298     0.13%    passed     99.22%
 108  KJ782549    86.52%    failed      0.82%
 109  KJ713295     0.03%    passed     99.39%
 110  KJ713299     0.02%    passed     99.35%
 111  KJ813439     0.01%    passed     98.48%
 112  KJ713297     0.03%    passed     99.61%
 113  KJ829365     0.00%    passed     98.95%
 114  KM027257     1.16%    passed     99.08%
 115  KM027259     0.68%    passed     99.50%
 116  KM015348     0.27%    passed     98.67%
 117  KM027255     0.68%    passed     99.50%
 118  KM027256     0.68%    passed     99.43%
 119  KM027263    86.52%    failed      0.87%
 120  KM027260     0.83%    passed     98.92%
 121  KM027258     1.04%    passed     98.81%
 122  KM027261     1.04%    passed     99.05%
 123  KM027266    86.52%    failed      0.87%
 124  KM027264    86.52%    failed      0.87%
 125  KM027265    86.52%    failed      0.87%
 126  KM027268    86.52%    failed      0.81%
 127  KM027267    86.52%    failed      0.87%
 128  KM027269    86.52%    failed      0.87%
 129  KM027270    86.52%    failed      0.86%
 130  KM027271    86.52%    failed      0.95%
 131  KM027272    86.52%    failed      0.87%
 132  KM027273    86.52%    failed      0.75%
 133  KM027262     0.75%    passed     98.94%
 134  KM027275    86.52%    failed      0.86%
 135  KM027276    86.52%    failed      0.81%
 136  KM027277    86.52%    failed      0.84%
 137  KM027278    86.52%    failed      0.83%
 138  KM027279    86.52%    failed      0.97%
 139  KM027280    86.52%    failed      0.83%
 140  KM027274    86.52%    failed      0.98%
 141  KM027281    86.52%    failed      0.87%
 142  KM027282    86.52%    failed      0.83%
 143  KM027283    86.52%    failed      0.83%
 144  KM027284    86.52%    failed      1.05%
 145  KM027285    86.52%    failed      0.93%
 146  KM027287    86.52%    failed      0.83%
 147  KM027286    86.52%    failed      0.85%
 148  KM027292    86.52%    failed      0.83%
 149  KM027289    86.52%    failed      0.83%
 150  KM027290    86.52%    failed      0.83%
 151  KM027288    86.52%    failed      0.96%
 152  KM027291    86.52%    failed      0.87%
 153  KM210278     0.30%    passed     98.51%
 154  KP209307     0.00%    passed     98.58%
 155  KM210277     0.31%    passed     98.54%
 156  KP209306     0.00%    passed     98.55%
 157  KP209309     0.00%    passed     98.63%
 158  KP209310     0.00%    passed     98.86%
 159  KP209311     0.00%    passed     98.63%
 160  KP209308     0.00%    passed     98.42%
 161  KP236092    86.52%    failed      0.72%
 162  KP405225    86.52%    failed      0.88%
 163  KP405227    86.52%    failed      0.96%
 164  KP405226    86.52%    failed      0.83%
 165  KP719928     1.87%    passed     99.40%
 166  KP719927     1.87%    passed     99.37%
 167  KP209312     0.00%    passed     98.71%
 168  KP223131     0.00%    passed     99.02%
 169  KP209313     0.00%    passed     98.60%
 170  KP719930     1.87%    passed     99.35%
 171  KP719931     1.87%    passed     99.65%
 172  KP719929     1.88%    passed     99.41%
 173  KP966104    86.52%    failed      0.85%
 174  KR011263     0.09%    passed     99.46%
 175  KR011264     0.09%    passed     99.46%
 176  KR912187    86.52%    failed      0.99%
 177  KR912188    86.52%    failed      0.90%
 178  KP719932     1.87%    passed     99.61%
 179  KR912189    86.52%    failed      0.92%
 180  KR912190    86.52%    failed      0.92%
 181  KR912192    86.52%    failed      0.92%
 182  KR912193    86.52%    failed      0.92%
 183  KR912191    86.52%    failed      0.92%
 184  KP719933     1.87%    passed     99.17%
 185  KR912194    86.52%    failed      0.92%
 186  KR011265     0.09%    passed     99.50%
 187  KR011266     0.09%    passed     99.46%
 188  KR912195    86.52%    failed      0.91%
 189  KT003530    86.52%    failed      1.20%
 190  KR912196    86.52%    failed      0.89%
 191  KJ473821     1.38%    failed      0.00%
 192  KT006149     0.03%    passed     99.24%
 193  KT026455     0.03%    passed     99.09%
 194  KT026454     0.00%    passed     99.00%
 195  KT026453     0.03%    passed     99.09%
 196  KT036372     0.65%    passed     99.07%
 197  KT026456     0.01%    passed     99.03%
 198  KT036373     2.04%    passed     94.96%
 199  KT029139     0.05%    passed     99.63%
 200  KT036374     2.02%    passed     94.74%
 201  KT121574     0.75%    passed     98.98%
 202  KT121576     0.75%    passed     98.92%
 203  KT121578     1.13%    passed     98.75%
 204  KT121573     0.75%    passed     98.86%
 205  KT121572     0.75%    passed     98.86%
 206  KT121579     1.23%    passed     98.79%
 207  KT121577     0.75%    passed     98.79%
 208  KT182953    86.52%    failed      0.86%
 209  KT121580     1.08%    passed     98.98%
 210  KT121575     0.75%    passed     98.86%
 211  KT121581     1.23%    passed     98.53%
 212  KT182955    86.52%    failed      0.86%
 213  KT182954    86.52%    failed      0.86%
 214  KT182956    86.52%    failed      0.82%
 215  KT182958    86.75%    failed      0.68%
 216  KT182957    86.52%    failed      0.83%
 217  KT275306    70.29%    failed      0.00%
 218  KT202801    82.67%    failed      4.62%
 219  KT156561     0.00%    passed     98.65%
 220  KT275307    70.29%    failed      0.00%
 221  KT357801    89.15%    failed      1.80%
 222  KT275308    70.29%    failed      0.00%
 223  KT357803    86.52%    failed      0.83%
 224  KT156560     0.00%    passed     98.70%
 225  KT357802    86.52%    failed      0.84%
 226  KT357806    86.52%    failed      0.83%
 227  KT357808    86.52%    failed      0.83%
 228  KT357805    86.52%    failed      0.83%
 229  KT225476     1.04%    passed     99.51%
 230  KT357804    86.52%    failed      0.83%
 231  KT357807    86.52%    failed      0.83%
 232  KT357809    86.52%    failed      0.83%
 233  KT357810    86.52%    failed      0.67%
 234  KT357812    86.52%    failed      0.83%
 235  KT357811    86.52%    failed      0.85%
 236  KT326819     0.43%    passed     98.70%
 237  KT368824     0.03%    passed     99.23%
 238  KT368825     0.01%    passed     99.22%
 239  KT368827     0.03%    passed     99.22%
 240  KT368829     0.02%    passed     99.21%
 241  KT368826     0.00%    passed     99.24%
 242  KT368828     0.01%    passed     98.97%
 243  KT368830     0.01%    passed     99.18%
 244  KT368831     0.02%    passed     99.42%
 245  KT368832     0.02%    passed     99.21%
 246  KT368835     0.01%    passed     99.34%
 247  KT368834     0.04%    passed     99.53%
 248  KT368833     0.02%    passed     99.24%
 249  KT368838     0.02%    passed     99.36%
 250  KT368839     0.02%    passed     99.43%
 251  KT368836     0.01%    passed     99.32%
 252  KT368840     0.02%    passed     99.47%
 253  KT368837     0.02%    passed     99.43%
 254  KT368843     0.02%    passed     99.01%
 255  KT368844     0.05%    passed     99.23%
 256  KT368841     0.04%    passed     99.65%
 257  KT368846     0.03%    passed     99.51%
 258  KT368842     0.03%    passed     99.51%
 259  KT368845     0.02%    passed     99.15%
 260  KT368848     0.02%    passed     99.39%
 261  KT368849     0.02%    passed     99.22%
 262  KT368851     0.01%    passed     99.17%
 263  KT368847     0.05%    passed     99.60%
 264  KT368850     0.02%    passed     99.19%
 265  KT368853     0.06%    passed     99.55%
 266  KT368855     0.03%    passed     99.43%
 267  KT368854     0.02%    passed     99.30%
 268  KT368852     0.02%    passed     99.11%
 269  KT368856     0.02%    passed     99.10%
 270  KT368861     0.02%    passed     99.24%
 271  KT368860     0.00%    passed     99.11%
 272  KT368857     0.01%    passed     99.00%
 273  KT368863     0.01%    passed     99.30%
 274  KT368862     0.01%    passed     99.30%
 275  KT368859     0.02%    passed     99.44%
 276  KT368858     0.03%    passed     99.56%
 277  KT368864     0.02%    passed     99.40%
 278  KT368865     0.05%    passed     99.73%
 279  KT368867     0.02%    passed     99.03%
 280  KT368866     0.03%    passed     99.10%
 281  KT368868     0.00%    passed     98.96%
 282  KT368870     0.04%    passed     99.51%
 283  KT368869     0.04%    passed     98.93%
 284  KT368871     0.02%    passed     99.24%
 285  KT368872     0.00%    passed     99.03%
 286  KT368873     0.02%    passed     99.20%
 287  KT368874     0.01%    passed     98.99%
 288  KT368876     0.01%    passed     99.01%
 289  KT368875     0.03%    passed     99.69%
 290  KT368878     0.02%    passed     99.53%
 291  KT368879     0.05%    passed     99.21%
 292  KT368880     0.00%    passed     99.08%
 293  KT368877     0.02%    passed     99.15%
 294  KT368884     0.03%    passed     99.41%
 295  KT368885     0.02%    passed     99.24%
 296  KT368886     0.02%    passed     99.24%
 297  KT368883     0.00%    passed     99.01%
 298  KT368881     0.03%    passed     99.51%
 299  KT368888     0.03%    passed     99.14%
 300  KT368889     0.04%    passed     99.54%
 301  KT368890     0.01%    passed     99.31%
 302  KT368882     0.01%    passed     99.13%
 303  KT374052     0.97%    passed     99.59%
 304  KT368887     0.02%    passed     98.81%
 305  KT374053     0.97%    passed     99.67%
 306  KT374054     0.97%    passed     99.50%
 307  KT374051     0.97%    passed     99.59%
 308  KT374050     0.97%    passed     99.59%
 309  KT374055     0.97%    passed     99.50%
 310  KT374056     0.97%    passed     99.40%
 311  KT374057     0.97%    passed     99.39%
 312  KT805961    86.52%    failed      0.84%
 313  KT805962    86.52%    failed      0.84%
 314  KT805963    86.52%    failed      0.84%
 315  KT805964    86.52%    failed      0.88%
 316  KT805965    86.52%    failed      0.88%
 317  KT805967    86.52%    failed      0.88%
 318  KT751244     0.05%    passed     99.52%
 319  KT805966    86.52%    failed      1.02%
 320  KT805969    86.52%    failed      0.81%
 321  KT805970    86.52%    failed      0.85%
 322  KT805968    86.52%    failed      0.78%
 323  KT805971    86.52%    failed      0.84%
 324  KT805972    86.52%    failed      0.85%
 325  KT805974    86.52%    failed      0.90%
 326  KT805975    86.52%    failed      0.95%
 327  KT805973    86.52%    failed      0.96%
 328  KT805976    86.52%    failed      0.88%
 329  KT805977    86.52%    failed      0.88%
 330  KT805978    86.52%    failed      0.88%
 331  KT805979    86.52%    failed      0.88%
 332  KT805980    86.52%    failed      0.88%
 333  KT805981    86.52%    failed      0.79%
 334  KT805982    86.52%    failed      0.88%
 335  KT805983    86.52%    failed      0.88%
 336  KT805985    86.52%    failed      0.81%
 337  KT805984    86.52%    failed      0.89%
 338  KT805986    86.52%    failed      0.85%
 339  KT805987    86.52%    failed      0.81%
 340  KT805988    86.52%    failed      1.20%
 341  KT805989    86.52%    failed      0.87%
 342  KT805990    86.52%    failed      0.87%
 343  KT805992    86.52%    failed      0.69%
 344  KT805991    86.52%    failed      0.85%
 345  KT805993    86.52%    failed      0.88%
 346  KT805994    86.52%    failed      0.85%
 347  KT805995    86.52%    failed      0.94%
 348  KT805996    86.52%    failed      0.88%
 349  KT805997    86.52%    failed      0.94%
 350  KT805998    86.52%    failed      0.94%
 351  KT805999    86.52%    failed      0.94%
 352  KT806001    86.52%    failed      0.85%
 353  KT806000    86.52%    failed      0.92%
 354  KT806002    86.52%    failed      0.87%
 355  KT806004    86.52%    failed      0.85%
 356  KT806003    86.52%    failed      0.88%
 357  KT806005    86.52%    failed      0.90%
 358  KT806007    86.52%    failed      0.90%
 359  KT806008    86.52%    failed      0.78%
 360  KT806009    86.52%    failed      0.88%
 361  KT806006    86.52%    failed      0.87%
 362  KT806010    86.52%    failed      0.90%
 363  KT806011    86.52%    failed      0.86%
 364  KT806012    86.52%    failed      0.88%
 365  KT806013    86.52%    failed      0.94%
 366  KT806014    86.52%    failed      0.87%
 367  KT806017    86.52%    failed      0.78%
 368  KT806015    86.52%    failed      0.81%
 369  KT806018    86.52%    failed      0.88%
 370  KT806016    86.52%    failed      0.80%
 371  KT806019    86.52%    failed      0.88%
 372  KT806020    86.52%    failed      0.86%
 373  KT806021    86.52%    failed      0.78%
 374  KT806023    86.52%    failed      0.87%
 375  KT806025    86.52%    failed      0.87%
 376  KT806026    86.52%    failed      0.87%
 377  KT806022    86.52%    failed      0.79%
 378  KT806027    86.52%    failed      0.88%
 379  KT806024    86.52%    failed      0.87%
 380  KT806029    86.52%    failed      0.87%
 381  KT806028    86.52%    failed      0.91%
 382  KT806031    86.52%    failed      0.87%
 383  KT806030    86.52%    failed      0.87%
 384  KT806033    86.52%    failed      0.87%
 385  KT806035    86.52%    failed      0.87%
 386  KT806034    86.52%    failed      0.87%
 387  KT806032    86.52%    failed      0.86%
 388  KT806036    86.52%    failed      0.83%
 389  KT806038    86.52%    failed      0.86%
 390  KT806037    86.52%    failed      0.82%
 391  KT806039    86.52%    failed      0.87%
 392  KT806041    86.52%    failed      0.91%
 393  KT806040    86.52%    failed      0.86%
 394  KT806044     0.09%    passed     99.49%
 395  KT806045     0.09%    passed     99.48%
 396  KT806046     0.09%    passed     99.41%
 397  KT806047     0.12%    passed     99.57%
 398  KT806048     0.09%    passed     99.23%
 399  KT806049     0.09%    passed     99.27%
 400  KT806050     9.97%    passed     44.15%
 401  KT806051     0.09%    passed     99.53%
 402  KT806053     0.09%    passed     99.38%
 403  KT806052     0.10%    passed     99.54%
 404  KT806054     1.42%    passed     99.68%
 405  KT806055     0.09%    passed     99.21%
 406  KT861628     0.10%    passed     99.19%
 407  KT861629    86.52%    failed      0.87%
 408  KT861627     0.11%    passed     98.23%
 409  KT861630    86.52%    failed      0.87%
 410  KT861631    86.52%    failed      0.87%
 411  KT861633    86.52%    failed      0.87%
 412  KT861632    86.52%    failed      0.82%
 413  KT868866     0.18%    passed     99.71%
 414  KT868865     0.18%    passed     99.71%
 415  KT868867     0.19%    passed     99.70%
 416  KT868869     0.19%    passed     99.70%
 417  KT868868     0.18%    passed     99.71%
 418  KT868870     0.20%    passed     99.64%
 419  KT868871     0.19%    passed     99.75%
 420  KT868872     0.18%    passed     99.74%
 421  KT868874     0.18%    passed     99.72%
 422  KT868873     0.18%    passed     99.71%
 423  KT868875     0.18%    passed     99.69%
 424  KT868876     0.18%    passed     99.74%
 425  KT868877     0.19%    passed     99.68%
 426  KU201953    86.52%    failed      0.96%
 427  KT877350     0.01%    passed     99.01%
 428  KT877351     0.38%    passed     98.82%
 429  KU201959    82.25%    passed      8.63%
 430  KU233362     0.40%    passed     99.53%
 431  KU233363     0.20%    passed     99.10%
 432  KU233364     0.31%    passed     99.59%
 433  KU242423     0.04%    passed     98.52%
 434  KU242424     0.04%    passed     98.40%
 435  KU308549     0.02%    passed     99.22%
 436  KU710264     0.09%    passed     99.30%
 437  KU740200     0.58%    passed     99.26%
 438  KU851859     0.16%    passed     99.26%
 439  KU710265     1.85%    passed     99.29%
 440  KU851860     0.09%    passed     99.43%
 441  KU851861     0.09%    passed     99.42%
 442  KU851862     0.09%    passed     99.42%
 443  KU851863     0.09%    passed     99.36%
 444  KU851864     0.09%    passed     99.42%
 445  KX034093     1.38%    passed     99.85%
 446  KX034095     0.02%    passed     99.21%
 447  KX034094     0.04%    passed     99.42%
 448  KX034096     0.14%    passed     98.93%
 449  KX034097     0.02%    passed     99.19%
 450  KX034098     0.06%    passed     99.53%
 451  KX034099     0.04%    passed     99.49%
 452  KX034100     0.02%    passed     99.22%
 453  KX108938     0.07%    passed     99.34%
 454  KX108937     0.09%    passed     99.33%
 455  KX108939     0.08%    passed     99.31%
 456  KX108941     0.08%    passed     99.54%
 457  KX108940     0.08%    passed     99.31%
 458  KX108942     0.08%    passed     99.38%
 459  KX108943     0.12%    passed     98.93%
 460  KX108944     0.08%    passed     99.54%
 461  KX108945     0.07%    passed     99.35%
 462  KX108946     0.08%    passed     99.63%
 463  KX154684     0.09%    passed     99.46%
 464  KX154685     0.09%    passed     99.41%
 465  KX154686     0.09%    passed     99.40%
 466  KX154687     0.09%    passed     99.16%
 467  KX154688     0.09%    passed     99.37%
 468  KX154689     0.09%    passed     99.66%
 469  KX154690     0.09%    passed     98.92%
 470  KX154691     0.09%    passed     99.63%
 471  KX154692     0.09%    passed     99.45%
 472  KX154693     0.09%    passed     99.47%
 473  KX154694     0.09%    passed     99.37%
 474  KY581684     0.00%    passed     98.61%
 475  KY581685     0.00%    passed     98.59%
 476  KY581686     0.00%    passed     98.67%
 477  KY581688     0.00%    passed     98.58%
 478  KY581689     0.00%    passed     98.63%
 479  KY581687     0.00%    passed     98.64%
 480  KY581690     0.00%    passed     98.67%
 481  KY581691     0.00%    passed     98.63%
 482  KY581692     0.00%    passed     98.67%
 483  KY581693     0.00%    passed     99.07%
 484  KY581694     0.00%    passed     98.88%
 485  KY581695     0.00%    passed     98.65%
 486  KY581696     0.00%    passed     99.10%
 487  KY581697     0.00%    passed     98.82%
 488  KY581698     0.00%    passed     98.65%
 489  KY673146    86.52%    failed      0.66%
 490  KY673147    86.52%    failed      0.70%
 491  KY581699     0.00%    passed     98.65%
 492  KY581700     0.00%    passed     98.82%
 493  KY688114    86.52%    failed      0.72%
 494  KY673148     0.00%    passed     98.49%
 495  KY673149     0.00%    passed     99.15%
 496  KY688118     0.17%    passed     97.89%
 497  KY688120     0.07%    passed     99.20%
 498  KY688119     0.21%    passed     99.30%
 499  KY688121     0.28%    passed     99.58%
 500  KY688122     0.21%    passed     99.70%
 501  KY688123     0.07%    passed     99.18%
 502  KY706245    74.53%    failed      0.00%
 503  KY688124     0.07%    passed     99.20%
 504  KY689142     5.46%    passed     99.66%
 505  KY706246    74.53%    failed      0.00%
 506  KY706247    74.53%    failed      0.00%
 507  LP640548    86.56%    failed      0.00%
 508  LP963763    86.52%    failed      0.80%
 509  LP963770    86.52%    failed      0.80%
 510  LQ466302    86.52%    failed      0.80%
 511  LQ575390    86.52%    failed      0.80%
 512  LV469811    86.56%    failed      0.00%
 513  LP963762     0.02%    passed     96.06%
 514  MF000458     0.26%    passed     99.09%
 515  MF000457     0.41%    passed     99.14%
 516  MF000459     0.35%    passed     98.03%
 517  MF000460     0.26%    passed     99.02%
 518  MF598594     0.00%    passed     98.93%
 519  MF598595     0.00%    passed     99.13%
 520  MF598596     0.00%    passed     99.18%
 521  MF598597     0.00%    passed     98.88%
 522  MF598598     0.02%    passed     99.11%
 523  MF598599     0.00%    passed     99.12%
 524  MF593268     1.03%    failed      0.01%
 525  MF598600     0.00%    passed     99.02%
 526  MF598601     0.00%    passed     99.19%
 527  MF598602     0.00%    passed     98.97%
 528  MF598604     0.00%    passed     99.11%
 529  MF598603     0.00%    passed     98.88%
 530  MF598605     0.00%    passed     99.17%
 531  MF598606     0.00%    passed     99.07%
 532  MF598607     0.00%    passed     98.99%
 533  MF598608     0.00%    passed     99.00%
 534  MF598609     0.00%    passed     98.70%
 535  MF598610     0.00%    passed     99.13%
 536  MF598611     0.00%    passed     98.92%
 537  MF598612     0.00%    passed     99.04%
 538  MF598614     0.00%    passed     99.15%
 539  MF598613     0.00%    passed     98.76%
 540  MF598616     0.00%    passed     98.79%
 541  MF598615     0.00%    passed     98.99%
 542  MF598618     0.00%    passed     99.08%
 543  MF598619     0.00%    passed     98.75%
 544  MF598617     0.00%    passed     99.05%
 545  MF598620     0.00%    passed     98.90%
 546  MF598622     0.00%    passed     98.74%
 547  MF598621     0.00%    passed     99.09%
 548  MF598623     0.00%    passed     98.90%
 549  MF598625     0.00%    passed     99.07%
 550  MF598624     0.00%    passed     99.28%
 551  MF598626     0.00%    passed     98.95%
 552  MF598627     0.00%    passed     98.99%
 553  MF598629     0.00%    passed     98.89%
 554  MF598628     4.02%    passed     80.31%
 555  MF598630     0.00%    passed     99.06%
 556  MF598631     0.16%    passed     97.79%
 557  MF598632     0.00%    passed     98.65%
 558  MF598633     0.00%    passed     99.07%
 559  MF598634     0.00%    passed     99.12%
 560  MF598635     0.00%    passed     98.47%
 561  MF598636     0.00%    passed     98.59%
 562  MF598637     0.00%    passed     98.96%
 563  MF598638     0.00%    passed     98.89%
 564  MF598640     0.00%    passed     99.18%
 565  MF598639     0.00%    passed     98.58%
 566  MF598641     0.00%    passed     98.86%
 567  MF598642    10.72%    passed     66.22%
 568  MF598644     0.00%    passed     98.92%
 569  MF598643     0.00%    passed     98.85%
 570  KC875821    86.62%    failed      2.24%
 571  MF598645     0.00%    passed     98.75%
 572  MF598646     0.00%    passed     99.32%
 573  MF598647     0.00%    passed     98.70%
 574  MF598649     0.00%    passed     98.68%
 575  MF598648     0.00%    passed     99.10%
 576  MF598650     0.00%    passed     98.59%
 577  MF598651     0.00%    passed     99.14%
 578  MF598653     0.00%    passed     98.95%
 579  MF598652     0.00%    passed     98.88%
 580  MF598654     0.00%    passed     98.57%
 581  MF598655     0.00%    passed     99.17%
 582  MF598656     0.00%    passed     99.14%
 583  MF598657     0.00%    passed     99.15%
 584  MF598659     0.00%    passed     98.97%
 585  MF598658     0.00%    passed     98.74%
 586  MF598660     0.00%    passed     99.00%
 587  MF598661     0.00%    passed     99.02%
 588  MF598662     0.00%    passed     99.07%
 589  MF598663     0.00%    passed     98.63%
 590  MF598665     0.00%    passed     98.50%
 591  MF598664     0.00%    passed     99.08%
 592  MF598666     0.00%    passed     98.91%
 593  MF598667     0.00%    passed     98.15%
 594  MF598668     0.00%    passed     99.19%
 595  MF598669     0.00%    passed     98.86%
 596  MF598670     0.00%    passed     98.63%
 597  MF598671     0.00%    passed     99.19%
 598  MF598672     0.00%    passed     98.76%
 599  MF598673     0.00%    passed     99.10%
 600  MF598674     0.00%    passed     98.38%
 601  MF598675     0.00%    passed     99.17%
 602  MF598677     0.00%    passed     98.98%
 603  MF598676     0.00%    passed     98.99%
 604  MF598680     0.00%    passed     99.08%
 605  MF598678     0.00%    passed     98.84%
 606  MF598681     0.00%    passed     98.69%
 607  MF598679     0.00%    passed     98.64%
 608  MF598682     0.00%    passed     98.97%
 609  MF598684     0.00%    passed     99.15%
 610  MF598686     0.00%    passed     98.99%
 611  MF598683     0.00%    passed     98.79%
 612  MF598685     0.00%    passed     99.15%
 613  MF598687     0.00%    passed     98.92%
 614  MF598688     0.00%    passed     98.73%
 615  MF598691     0.00%    passed     99.15%
 616  MF598690     0.00%    passed     99.23%
 617  MF598689     0.01%    passed     98.66%
 618  MF598692     0.00%    passed     99.07%
 619  MF598693     0.00%    passed     99.07%
 620  MF598694     0.00%    passed     99.19%
 621  MF598696     0.00%    passed     98.57%
 622  MF598695     0.00%    passed     99.02%
 623  MF598697     0.00%    passed     99.29%
 624  MF598698     0.00%    passed     99.04%
 625  MF598699     0.00%    passed     99.05%
 626  MF598700     0.00%    passed     99.10%
 627  MF598701     0.00%    passed     99.22%
 628  MF598702     0.00%    passed     98.88%
 629  MF598703     0.00%    passed     99.22%
 630  MF598704     0.00%    passed     99.22%
 631  MF598705     0.00%    passed     99.27%
 632  MF598707     0.00%    passed     99.16%
 633  MF598706     0.00%    passed     99.22%
 634  MF598708     0.00%    passed     99.16%
 635  MF598709     0.00%    passed     99.32%
 636  MF598710     0.00%    passed     99.26%
 637  MF598711     0.00%    passed     99.06%
 638  MF598712     0.00%    passed     98.34%
 639  MF598713     0.00%    passed     99.22%
 640  MF598714     0.00%    passed     99.22%
 641  MF598716     0.00%    passed     99.01%
 642  MF598715     0.00%    passed     99.17%
 643  MF598718     0.32%    passed     96.91%
 644  MF598717     0.00%    passed     99.12%
 645  MF598719     0.00%    passed     99.18%
 646  MF679171    86.53%    failed      0.87%
 647  MF598720     0.00%    passed     99.18%
 648  MF598721     0.00%    passed     99.17%
 649  MF679172    86.52%    failed      0.88%
 650  MF679173    86.53%    failed      0.84%
 651  MF679174    86.53%    failed      0.80%
 652  MF598722     0.00%    passed     99.10%
 653  MF741826     0.25%    passed     99.30%
 654  MF741825     0.25%    passed     99.21%
 655  MF741828     0.25%    passed     99.40%
 656  MF741830     0.25%    passed     99.21%
 657  MF741829     0.25%    passed     99.21%
 658  MF741827     2.67%    passed     84.58%
 659  MF741831     0.25%    passed     99.26%
 660  MF741833     0.28%    passed     99.34%
 661  MF741834     0.28%    passed     99.34%
 662  MF741835     0.28%    passed     99.25%
 663  MF741832     2.66%    passed     84.83%
 664  MF741836     0.28%    passed     99.22%
 665  MG011340     0.11%    passed     99.60%
 666  MF741837     0.28%    passed     99.25%
 667  MG011341     0.09%    passed     99.35%
 668  MG011343     0.09%    passed     99.26%
 669  MG011342     0.09%    passed     98.57%
 670  MG011344     0.09%    passed     99.35%
 671  MG011345     0.09%    passed     98.55%
 672  MG011347     0.09%    passed     99.17%
 673  MG011346     0.09%    passed     99.32%
 674  MG011348     0.09%    passed     99.62%
 675  MG011349     0.09%    passed     99.55%
 676  MG011350     0.09%    passed     99.53%
 677  MG011351     0.09%    passed     99.34%
 678  MG011352     0.09%    passed     99.35%
 679  MG011356     0.09%    passed     98.84%
 680  MG011353     0.09%    passed     99.29%
 681  MG011355     0.09%    passed     99.38%
 682  MG011354     0.09%    passed     99.32%
 683  MG011358     0.09%    passed     99.42%
 684  MG011357     0.09%    passed     98.73%
 685  MG011359     0.09%    passed     99.59%
 686  MG011360     0.09%    passed     99.67%
 687  MG011361     0.09%    passed     99.62%
 688  MG011362     0.09%    passed     99.65%
 689  MG280945     6.06%    passed     98.34%
 690  MG280944     6.11%    passed     99.09%
 691  MG366483     0.09%    passed     99.20%
 692  MG366880     0.01%    passed     98.60%
 693  MG366881     0.01%    passed     98.41%
 694  MG021451     1.51%    failed      0.97%
 695  MG366882     0.00%    passed     98.53%
 696  MG021452     1.50%    failed      0.16%
 697  MG366883     0.00%    passed     98.45%
 698  MG470650     0.03%    passed     99.18%
 699  MG520075     0.09%    passed     99.39%
 700  MG520076     0.09%    passed     99.39%
 701  MG546330     0.01%    passed     99.12%
 702  MG546331     0.00%    passed     99.02%
 703  MG757593     0.09%    passed     99.41%
 704  MG757594     0.09%    passed     99.36%
 705  KT624237    89.51%    passed     32.83%
 706  MG757595     0.09%    passed     99.12%
 707  MG757596     0.09%    passed     99.43%
 708  KT624236    89.51%    passed     31.21%
 709  MG757597     0.09%    passed     99.45%
 710  MG757598     0.09%    passed     99.50%
 711  MG757599     0.09%    passed     99.47%
 712  MG757600     0.09%    passed     99.43%
 713  MG757601     0.09%    passed     99.32%
 714  MG757602     0.09%    passed     99.36%
 715  MG757603     0.09%    passed     99.41%
 716  MG757604     0.09%    passed     99.64%
 717  MG757605     0.09%    passed     99.27%
 718  MG912595     0.00%    passed     98.51%
 719  MG596803     1.53%    failed      0.00%
 720  MG912596     0.01%    passed     98.65%
 721  MG912597     0.01%    passed     98.50%
 722  MG912600     0.01%    passed     98.60%
 723  MG912598     0.00%    passed     98.49%
 724  MG912599     0.00%    passed     98.56%
 725  MG912601     0.00%    passed     98.49%
 726  MG912602     0.01%    passed     98.54%
 727  MG912603     0.00%    passed     98.56%
 728  MG912604     0.00%    passed     98.65%
 729  MG912605     0.01%    passed     98.53%
 730  MG923465    84.52%    failed      0.00%
 731  MG912606     0.01%    passed     98.66%
 732  MG912607     0.00%    passed     98.85%
 733  MG912609    30.65%    passed     54.05%
 734  MG923466     0.26%    passed     99.86%
 735  MG923468     0.11%    passed     99.72%
 736  MG923467     0.16%    passed     99.93%
 737  MG923469     2.34%    passed     97.12%
 738  MG923470     2.33%    passed     97.47%
 739  MG912608     0.00%    passed     98.71%
 740  MG923472     1.48%    passed     99.15%
 741  MG596802     1.61%    failed      0.00%
 742  MG923471     1.34%    passed     97.85%
 743  MG923473     2.50%    passed     99.03%
 744  MG923474     2.22%    passed     99.10%
 745  MG923475     2.19%    passed     97.94%
 746  MG923476     2.22%    passed     98.07%
 747  MG923478     2.19%    passed     98.49%
 748  MG923479     2.22%    passed     98.63%
 749  MG923477     2.21%    passed     97.86%
 750  MG923480     2.20%    passed     98.52%
 751  MG923481     2.19%    passed     98.75%
 752  MH029552     0.00%    passed     99.06%
 753  MH013216     0.02%    passed     98.45%
 754  MH259486     0.05%    passed     99.18%
 755  MH259485     0.15%    passed     98.98%
 756  MH306207     0.02%    passed     99.15%
 757  MH310909     0.19%    passed     98.66%
 758  MH310910     0.09%    passed     99.17%
 759  MH310911     0.09%    passed     99.07%
 760  MH310912     0.13%    passed     99.48%
 761  MH395139     0.02%    passed     99.54%
 762  MH371127     0.02%    passed     99.15%
 763  MH432120     0.02%    passed     99.03%
 764  MH734114     0.30%    passed     99.89%
 765  MH454272     0.02%    passed     99.16%
 766  MH978886    86.52%    failed      0.81%
 767  MH978887    86.52%    failed      0.81%
 768  MH734115     0.30%    passed     99.89%
 769  MH978888    86.52%    failed      0.79%
 770  MH822886     0.15%    passed     99.85%
 771  MK039553     0.00%    passed     98.85%
 772  MK039552     0.00%    passed     99.02%
 773  MK052676     0.00%    passed     98.85%
 774  MK129253     0.00%    passed     98.85%
 775  MK280984     0.30%    passed     99.80%
 776  MK357908     1.08%    passed     99.95%
 777  MK357909     1.08%    passed     99.90%
 778  MK462243     0.03%    passed     99.49%
 779  MK462244     0.02%    passed     99.36%
 780  KT624239    89.51%    passed     32.83%
 781  MK462245     0.03%    passed     99.48%
 782  MK462246     0.03%    passed     99.39%
 783  MK462247     0.02%    passed     99.56%
 784  MG987421     2.11%    failed      0.00%
 785  MK462248     0.02%    passed     99.32%
 786  MK462250     0.02%    passed     98.82%
 787  MK462252     0.02%    passed     98.28%
 788  MK462251     0.02%    passed     99.26%
 789  MK462253     0.02%    passed     99.52%
 790  MK462249     0.02%    passed     99.20%
 791  MK462257    86.52%    failed      0.74%
 792  MK462258    86.52%    failed      0.76%
 793  MK462254     0.02%    passed     99.34%
 794  MK462255     0.24%    passed     99.19%
 795  MK462256     0.02%    passed     98.91%
 796  MK858156    86.52%    failed      0.81%
 797  MK858157    86.52%    failed      0.79%
 798  MK858158    86.52%    failed      0.83%
 799  MK858159    86.52%    failed      0.89%
 800  MK858160    86.52%    failed      0.91%
 801  MK796425     0.06%    passed     99.68%
 802  MK564475     0.13%    passed     98.80%
 803  MK483839     0.02%    passed     99.10%
 804  MK564474     0.13%    passed     99.17%
 805  MK858162    86.52%    failed      0.91%
 806  MK858163    86.52%    failed      0.83%
 807  MK858164    86.52%    failed      0.90%
 808  MK858161    86.52%    failed      0.91%
 809  MK910259    86.52%    failed      0.96%
 810  MN403101    86.52%    failed      0.96%
 811  MN403102    86.52%    failed      0.92%
 812  MN120514     0.02%    passed     99.30%
 813  MN365232     0.02%    passed     99.15%
 814  MN120513     0.02%    passed     99.06%
 815  MN365233     0.02%    passed     99.24%
 816  MK967708     0.06%    passed     99.67%
 817  MN481965     0.68%    passed     99.41%
 818  MN481967     0.68%    passed     99.43%
 819  MN481968     0.68%    passed     99.38%
 820  MN481966     0.68%    passed     99.41%
 821  MN481964     0.68%    passed     99.41%
 822  MN481969     0.68%    passed     99.41%
 823  MN481971     0.68%    passed     99.52%
 824  MN481973     0.68%    passed     99.43%
 825  MN481972     0.68%    passed     99.29%
 826  KT624238    89.51%    passed     31.45%
 827  MN481970     0.68%    passed     99.38%
 828  MG987420     1.57%    failed      0.00%
 829  MN481977     0.68%    passed     99.50%
 830  MN481976     0.68%    passed     99.41%
 831  MN481978     0.68%    passed     99.43%
 832  MN481980     0.68%    passed     99.75%
 833  MN481974     0.69%    passed     99.40%
 834  MN481975     0.68%    passed     99.45%
 835  MN481979     0.68%    passed     99.68%
 836  MN481982     0.68%    passed     99.70%
 837  MN481983     0.69%    passed     99.69%
 838  MN481985     0.68%    passed     99.71%
 839  MN481984     0.68%    passed     99.71%
 840  MN481981     0.68%    passed     99.71%
 841  MN481986     0.68%    passed     99.75%
 842  MN507638     0.30%    passed     99.88%
 843  MN654971     0.04%    passed     99.49%
 844  MN654970     0.40%    passed     99.93%
 845  MN654972     0.40%    passed     99.97%
 846  MN654973     0.04%    passed     99.54%
 847  MN654974     0.38%    passed     99.71%
 848  MN654975     0.04%    passed     99.51%
 849  MN654978     0.40%    passed     99.96%
 850  MN654980     0.40%    passed     99.96%
 851  MN654981     0.40%    passed     99.80%
 852  MN654982     0.40%    passed     99.88%
 853  MN654976     0.04%    passed     99.48%
 854  MN654977     0.09%    passed     99.21%
 855  MN654979     0.41%    passed     99.77%
 856  MN654984     0.04%    passed     99.44%
 857  MN654985     0.40%    passed     99.40%
 858  MN654986     0.40%    passed     99.82%
 859  MN654988     0.04%    passed     99.35%
 860  MN654983     0.04%    passed     99.87%
 861  MN654987     0.41%    passed     99.77%
 862  MN654992     0.07%    passed     99.77%
 863  MN654991     0.04%    passed     99.45%
 864  MN654993     0.41%    passed     99.74%
 865  MN654989     0.04%    passed     99.09%
 866  MN654990     0.04%    passed     99.47%
 867  MN654994     0.25%    passed     99.95%
 868  MN654995     0.04%    passed     99.25%
 869  MN654996     0.39%    passed     99.96%
 870  MN654998     0.40%    passed     99.40%
 871  MN654997     0.04%    passed     99.34%
 872  MN655000     0.40%    passed     99.88%
 873  MN655001     0.04%    passed     99.70%
 874  MN654999     0.04%    passed     99.85%
 875  MN655003     0.40%    passed     99.40%
 876  MN655002     0.40%    passed     99.72%
 877  MN655004     0.04%    passed     99.49%
 878  MN655005     0.04%    passed     99.87%
 879  MN655006     0.04%    passed     99.29%
 880  MN655009     0.04%    passed     99.85%
 881  MN655007     0.39%    passed     99.35%
 882  MN655013     0.40%    passed     99.87%
 883  MN655012     0.41%    passed     99.71%
 884  MN655008     0.04%    passed     99.16%
 885  MN655010     0.40%    passed     99.59%
 886  MN655011     0.40%    passed     99.92%
 887  MN655015     0.41%    passed     99.74%
 888  MN655014     0.05%    passed     99.15%
 889  MN735680    86.52%    failed      0.83%
 890  MN735681    86.52%    failed      0.84%
 891  MN735679    86.52%    failed      0.93%
 892  MN735682    86.52%    failed      0.86%
 893  MN655017     0.41%    passed     99.90%
 894  MN723542     0.01%    passed     99.19%
 895  MN758606     0.12%    passed     99.81%
 896  MN655016     0.43%    passed     99.96%
 897  MN723544     0.00%    passed     99.29%
 898  MN758608     0.12%    passed     99.61%
 899  MN723543     0.01%    passed     99.21%
 900  MN758607     0.12%    passed     99.04%
 901  MN758610     0.12%    passed     99.81%
 902  MN758611     0.12%    passed     99.81%
 903  MN758609     0.12%    passed     99.26%
 904  MN758614     0.12%    passed     99.76%
 905  MN758613     0.12%    passed     99.77%
 906  MT226602     0.02%    passed     99.39%
 907  MT226603     0.02%    passed     99.12%
 908  MT226604     0.02%    passed     99.22%
 909  MN758612     0.12%    passed     99.81%
 910  MT226605     0.02%    passed     99.24%
 911  MT226600     0.02%    passed     99.14%
 912  MT226607     0.02%    passed     98.84%
 913  MT361640     0.00%    passed     99.25%
 914  MT387202     0.06%    passed     99.68%
 915  MT675253     1.21%    passed     99.92%
 916  MT226601     0.02%    passed     99.17%
 917  MT675255     3.66%    passed     99.35%
 918  MT675257     4.40%    passed     98.30%
 919  MT675256     0.09%    passed     99.59%
 920  MT675258    19.15%    passed     73.59%
 921  MT576585     0.06%    passed     95.46%
 922  MT226606     0.02%    passed     99.19%
 923  MT675260     0.21%    passed     99.62%
 924  MT675261     3.82%    passed     99.11%
 925  MT675254    10.86%    passed     95.38%
 926  MT675262     0.32%    passed     99.70%
 927  MT675259     4.43%    passed     97.04%
 928  MT675263    10.53%    passed     92.13%
 929  MT675267    40.97%    passed     46.42%
 930  MT675266    14.70%    passed     91.70%
 931  MT675268    21.54%    passed     94.66%
 932  MT675264    11.91%    passed     86.74%
 933  MT675269     0.87%    passed     99.49%
 934  MT675265     0.44%    passed     98.67%
 935  MT675270    48.31%    passed     34.52%
 936  MW086528     1.12%    passed     99.50%
 937  MW086527     1.13%    passed     99.48%
 938  MW086529     1.12%    passed     99.47%
 939  MW086532     1.12%    passed     99.45%
 940  MW086530     1.12%    passed     99.57%
 941  MW086533     1.01%    passed     99.67%
 942  MW086531     1.14%    passed     99.52%
 943  MW086534     0.99%    passed     99.75%
 944  MW086535     0.99%    passed     99.74%
 945  MW086536    22.56%    passed     52.43%
 946  MW086537    22.53%    passed     51.80%
 947  MW545527     0.07%    passed     99.45%
 948  MW545528     0.07%    passed     99.56%
 949  MW086540    39.68%    failed      2.68%
 950  MZ268404     0.10%    passed     89.83%
 951  MW086538     1.00%    passed     99.71%
 952  NC_019843    0.02%    passed     96.06%
 953  NC_038294    0.04%    passed     98.95%
 954  MW086539     1.03%    passed     99.72%
 955  OK094447     0.05%    passed     95.95%
 956  MZ268405     0.06%    passed     93.88%
 957  OK094449     0.04%    passed     96.06%
 958  OK094450     0.05%    passed     96.17%
 959  OK094452     0.05%    passed     96.09%
 960  OK094446     0.05%    passed     95.94%
 961  OK094454     0.05%    passed     95.87%
 962  OL622035     0.43%    passed     99.77%
 963  OK094451     0.04%    passed     96.06%
 964  OK094448     0.04%    passed     96.06%
 965  OK094453     0.06%    passed     95.98%
 966  OK573213     0.22%    passed     95.38%
 967  OL622036     0.44%    passed     99.71%
 968  OP654179     0.04%    passed     99.56%
 969  OP654178     0.04%    passed     99.41%
 970  OP712623     0.09%    passed     99.40%
 971  OP712624     0.05%    passed     99.94%
 972  OP866275     0.26%    passed     99.80%
 973  OP712625     0.07%    passed     99.92%
 974  OP866274     0.23%    passed     99.89%
 975  OP866276     0.26%    passed     99.98%
 976  OP866278     0.13%    passed     99.93%
 977  OP866277     0.10%    passed     99.90%
 978  OP866279     0.20%    passed     98.12%
 979  OP866280     0.26%    passed     98.74%
 980  OP866281     0.20%    passed     97.91%
 981  OP866282     0.32%    passed     99.53%
 982  OP866284     0.17%    passed     99.60%
 983  OP866285     0.23%    passed     97.25%
 984  OP866283     0.36%    passed     99.42%
 985  MT818221    33.54%    failed      0.35%
 986  OP866287     0.15%    passed     91.59%
 987  OP866286     0.42%    passed     98.48%
 988  ON325308    16.29%    failed      0.00%
 989  OP866289     0.34%    passed     97.77%
 990  OP866288     0.29%    passed     90.81%
 991  OP866290     0.28%    passed     97.52%
 992  OP866293     0.43%    passed     98.27%
 993  OP866292     0.42%    passed     98.19%
 994  OP866291     0.42%    passed     98.23%
 995  OP906306     0.19%    passed     99.44%
 996  OP866294     0.33%    passed     98.19%
 997  OQ423284     0.24%    passed     99.32%
 998  OQ423283     0.11%    passed     99.47%
 999  OQ423285     0.38%    passed     99.86%
1000  OQ423286     0.11%    passed     99.56%
1001  OR742168    29.50%    failed      0.15%
1002  OR742167    29.50%    failed      0.15%
1003  ON325306     1.85%    failed      0.00%
1004  OQ423287     0.31%    passed     99.85%
1005  OR742170    29.50%    failed      0.13%
1006  OR742171    29.50%    failed      0.13%
1007  OR742169    29.50%    failed      0.14%
1008  OR742175    29.50%    failed      0.11%
1009  OR742173    29.50%    failed      0.15%
1010  OR742172    29.50%    failed      0.13%
1011  OR742174    29.50%    failed      0.10%
1012  PP504664     6.75%    passed     47.29%
1013  PP504665     6.67%    passed     46.63%
1014  ON378807     1.63%    failed      0.00%
1015  ON325307     2.15%    failed      0.00%
WARNING: 241 sequences contain more than 50% gaps/ambiguity
****  TOTAL       21.48%  259 sequences failed composition chi2 test (p-value<5%; df=3)
NOTE: LP963762 is identical to JX869059 but kept for subsequent analysis
NOTE: NC_038294 is identical to KC164505 but kept for subsequent analysis
NOTE: KF958702 is identical to KF917527 but kept for subsequent analysis
NOTE: MN481977 is identical to KM027255 but kept for subsequent analysis
NOTE: KM027266 is identical to KM027263 but kept for subsequent analysis
NOTE: KT357802 is identical to KM027277 but kept for subsequent analysis
NOTE: KM027280 is identical to KM027278 but kept for subsequent analysis
NOTE: KP209311 is identical to KP209309 but kept for subsequent analysis
NOTE: KR011264 is identical to KR011263 but kept for subsequent analysis
NOTE: KR912190 is identical to KR912189 but kept for subsequent analysis
NOTE: KT026453 is identical to KT026455 but kept for subsequent analysis
NOTE: KT121572 is identical to KT121573 but kept for subsequent analysis
NOTE: KT182954 is identical to KT182955 but kept for subsequent analysis
NOTE: KT275308 is identical to KT275306 but kept for subsequent analysis
NOTE: KT368832 is identical to KT368829 but kept for subsequent analysis
NOTE: KT368837 is identical to KT368839 but kept for subsequent analysis
NOTE: KT368862 is identical to KT368863 but kept for subsequent analysis
NOTE: KT368886 is identical to KT368885 but kept for subsequent analysis
NOTE: KT374055 is identical to KT374054 but kept for subsequent analysis
NOTE: KT374050 is identical to KT374051 but kept for subsequent analysis
NOTE: KT805962 is identical to KT805961 but kept for subsequent analysis
NOTE: KT805965 is identical to KT805964 but kept for subsequent analysis
NOTE: KT806001 is identical to KT805970 but kept for subsequent analysis
NOTE: KT806005 is identical to KT805974 but kept for subsequent analysis
NOTE: KT806003 is identical to KT805978 but kept for subsequent analysis
NOTE: KT805990 is identical to KT805989 but kept for subsequent analysis
NOTE: KT805996 is identical to KT805993 but kept for subsequent analysis
NOTE: KT805997 is identical to KT805995 but kept for subsequent analysis
NOTE: KT806014 is identical to KT806002 but kept for subsequent analysis
NOTE: KT868865 is identical to KT868866 but kept for subsequent analysis
NOTE: KT868876 is identical to KT868872 but kept for subsequent analysis
NOTE: KY581698 is identical to KY581695 but kept for subsequent analysis
NOTE: KY581700 is identical to KY581697 but kept for subsequent analysis
NOTE: KY688124 is identical to KY688120 but kept for subsequent analysis
NOTE: KY706246 is identical to KY706245 but kept for subsequent analysis
NOTE: LV469811 is identical to LP640548 but kept for subsequent analysis
NOTE: LP963770 is identical to LP963763 but kept for subsequent analysis
NOTE: MF598655 is identical to MF598605 but kept for subsequent analysis
NOTE: MF598662 is identical to MF598633 but kept for subsequent analysis
NOTE: MF598685 is identical to MF598684 but kept for subsequent analysis
NOTE: MF598704 is identical to MF598703 but kept for subsequent analysis
NOTE: MF598708 is identical to MF598707 but kept for subsequent analysis
NOTE: MF598720 is identical to MF598719 but kept for subsequent analysis
NOTE: MF741837 is identical to MF741835 but kept for subsequent analysis
NOTE: MG520076 is identical to MG520075 but kept for subsequent analysis
NOTE: KT624239 is identical to KT624237 but kept for subsequent analysis
NOTE: MH734115 is identical to MH734114 but kept for subsequent analysis
NOTE: MH978887 is identical to MH978886 but kept for subsequent analysis
NOTE: MK052676 is identical to MK039553 but kept for subsequent analysis
NOTE: MN735680 is identical to MK858158 but kept for subsequent analysis
NOTE: MK858162 is identical to MK858160 but kept for subsequent analysis
NOTE: MT387202 is identical to MK796425 but kept for subsequent analysis
NOTE: MN481966 is identical to MN481965 but kept for subsequent analysis
NOTE: MN481981 is identical to MN481984 but kept for subsequent analysis
NOTE: MN655000 is identical to MN654982 but kept for subsequent analysis
NOTE: MN654987 is identical to MN654979 but kept for subsequent analysis
NOTE: MN654998 is identical to MN654985 but kept for subsequent analysis
NOTE: MN655005 is identical to MN654983 but kept for subsequent analysis
NOTE: MN655015 is identical to MN654993 but kept for subsequent analysis
NOTE: MN655009 is identical to MN654999 but kept for subsequent analysis
NOTE: MN758610 is identical to MN758606 but kept for subsequent analysis
NOTE: OK094451 is identical to OK094449 but kept for subsequent analysis
NOTE: OR742167 is identical to OR742168 but kept for subsequent analysis
NOTE: OR742171 is identical to OR742170 but kept for subsequent analysis
NOTE: 73 identical sequences (see below) will be ignored for subsequent analysis
NOTE: NC_019843 (identical to JX869059) is ignored but added at the end
NOTE: KM027264 (identical to KM027263) is ignored but added at the end
NOTE: KM027265 (identical to KM027263) is ignored but added at the end
NOTE: KM027267 (identical to KM027263) is ignored but added at the end
NOTE: KM027269 (identical to KM027263) is ignored but added at the end
NOTE: KM027272 (identical to KM027263) is ignored but added at the end
NOTE: KM027291 (identical to KM027263) is ignored but added at the end
NOTE: KT861629 (identical to KM027263) is ignored but added at the end
NOTE: KT861630 (identical to KM027263) is ignored but added at the end
NOTE: KT861631 (identical to KM027263) is ignored but added at the end
NOTE: KT861633 (identical to KM027263) is ignored but added at the end
NOTE: KM027282 (identical to KM027278) is ignored but added at the end
NOTE: KM027283 (identical to KM027278) is ignored but added at the end
NOTE: KM027287 (identical to KM027278) is ignored but added at the end
NOTE: KM027292 (identical to KM027278) is ignored but added at the end
NOTE: KM027289 (identical to KM027278) is ignored but added at the end
NOTE: KM027290 (identical to KM027278) is ignored but added at the end
NOTE: KT357803 (identical to KM027278) is ignored but added at the end
NOTE: KT357806 (identical to KM027278) is ignored but added at the end
NOTE: KT357808 (identical to KM027278) is ignored but added at the end
NOTE: KT357805 (identical to KM027278) is ignored but added at the end
NOTE: KT357804 (identical to KM027278) is ignored but added at the end
NOTE: KT357807 (identical to KM027278) is ignored but added at the end
NOTE: KT357809 (identical to KM027278) is ignored but added at the end
NOTE: KT357812 (identical to KM027278) is ignored but added at the end
NOTE: KY581691 (identical to KP209309) is ignored but added at the end
NOTE: KR011266 (identical to KR011263) is ignored but added at the end
NOTE: KR912192 (identical to KR912189) is ignored but added at the end
NOTE: KR912193 (identical to KR912189) is ignored but added at the end
NOTE: KR912191 (identical to KR912189) is ignored but added at the end
NOTE: KR912194 (identical to KR912189) is ignored but added at the end
NOTE: KT806000 (identical to KR912189) is ignored but added at the end
NOTE: KT121575 (identical to KT121573) is ignored but added at the end
NOTE: KT805963 (identical to KT805961) is ignored but added at the end
NOTE: KT805967 (identical to KT805964) is ignored but added at the end
NOTE: KT805977 (identical to KT805964) is ignored but added at the end
NOTE: KT805979 (identical to KT805964) is ignored but added at the end
NOTE: KT805980 (identical to KT805964) is ignored but added at the end
NOTE: KT805982 (identical to KT805964) is ignored but added at the end
NOTE: KT806009 (identical to KT805964) is ignored but added at the end
NOTE: KT806012 (identical to KT805964) is ignored but added at the end
NOTE: KT806018 (identical to KT805964) is ignored but added at the end
NOTE: MF679172 (identical to KT805964) is ignored but added at the end
NOTE: KT806004 (identical to KT805970) is ignored but added at the end
NOTE: KT806007 (identical to KT805974) is ignored but added at the end
NOTE: KT806025 (identical to KT805989) is ignored but added at the end
NOTE: KT806026 (identical to KT805989) is ignored but added at the end
NOTE: KT806024 (identical to KT805989) is ignored but added at the end
NOTE: KT806029 (identical to KT805989) is ignored but added at the end
NOTE: KT806031 (identical to KT805989) is ignored but added at the end
NOTE: KT806030 (identical to KT805989) is ignored but added at the end
NOTE: KT806033 (identical to KT805989) is ignored but added at the end
NOTE: KT806035 (identical to KT805989) is ignored but added at the end
NOTE: KT806034 (identical to KT805989) is ignored but added at the end
NOTE: KT806039 (identical to KT805989) is ignored but added at the end
NOTE: KT805998 (identical to KT805995) is ignored but added at the end
NOTE: KT805999 (identical to KT805995) is ignored but added at the end
NOTE: KT806013 (identical to KT805995) is ignored but added at the end
NOTE: KT806023 (identical to KT806002) is ignored but added at the end
NOTE: KT868868 (identical to KT868866) is ignored but added at the end
NOTE: KT868873 (identical to KT868866) is ignored but added at the end
NOTE: KY581699 (identical to KY581695) is ignored but added at the end
NOTE: KY706247 (identical to KY706245) is ignored but added at the end
NOTE: LQ466302 (identical to LP963763) is ignored but added at the end
NOTE: LQ575390 (identical to LP963763) is ignored but added at the end
NOTE: MF598692 (identical to MF598633) is ignored but added at the end
NOTE: MF598706 (identical to MF598703) is ignored but added at the end
NOTE: MF598713 (identical to MF598703) is ignored but added at the end
NOTE: MK858161 (identical to MK858160) is ignored but added at the end
NOTE: MN481964 (identical to MN481965) is ignored but added at the end
NOTE: MN655003 (identical to MN654985) is ignored but added at the end
NOTE: MN758612 (identical to MN758606) is ignored but added at the end
NOTE: OR742172 (identical to OR742170) is ignored but added at the end
Alignment was printed to results/aligned-delim.fasta.uniqueseq.phy

For your convenience alignment with unique sequences printed to results/aligned-delim.fasta.uniqueseq.phy

Create initial parsimony tree by phylogenetic likelihood library (PLL)... 6.725 seconds

NOTE: 515 MB RAM (0 GB) is required!
Measuring multi-threading efficiency up to 1 CPU cores
2 trees examined
Threads: 1 / Time: 12.380 sec / Speedup: 1.000 / Efficiency: 100% / LogL: -715137
BEST NUMBER OF THREADS: 1

Estimate model parameters (epsilon = 0.500)
1. Initial log-likelihood: -291834.136
2. Current log-likelihood: -283073.809
3. Current log-likelihood: -283043.961
4. Current log-likelihood: -283043.006
Optimal log-likelihood: -283042.735
Rate parameters:  A-C: 1.30716  A-G: 2.53271  A-T: 1.33746  C-G: 0.83158  C-T: 4.07463  G-T: 1.00000
Base frequencies:  A: 0.262  C: 0.202  G: 0.209  T: 0.327
Parameters optimization took 4 rounds (147.082 sec)
Computing ML distances based on estimated model parameters...
Computing ML distances took 52.287371 sec (of wall-clock time) 52.275878 sec(of CPU time)
Computing RapidNJ tree took 0.175165 sec (of wall-clock time) 0.236574 sec (of CPU time)
Log-likelihood of RapidNJ tree: -289247.452
--------------------------------------------------------------------
|             INITIALIZING CANDIDATE TREE SET                      |
--------------------------------------------------------------------

Do NNI search on 2 best initial trees
Estimate model parameters (epsilon = 0.500)
BETTER TREE FOUND at iteration 1: -282916.688
Finish initializing candidate tree set (4)
Current best tree score: -282916.688 / CPU time: 237.630
Number of iterations: 2
TREE SEARCH COMPLETED AFTER 2 ITERATIONS / Time: 0h:8m:33s

--------------------------------------------------------------------
|                    FINALIZING TREE SEARCH                        |
--------------------------------------------------------------------
Performs final model parameters optimization
Estimate model parameters (epsilon = 0.050)
1. Initial log-likelihood: -282916.688
Optimal log-likelihood: -282916.660
Rate parameters:  A-C: 1.30745  A-G: 2.53235  A-T: 1.33789  C-G: 0.83240  C-T: 4.07805  G-T: 1.00000
Base frequencies:  A: 0.262  C: 0.202  G: 0.209  T: 0.327
Parameters optimization took 1 rounds (17.984 sec)
BEST SCORE FOUND : -282916.660
Total tree length: 1.979

Total number of iterations: 2
CPU time used for tree search: 237.582 sec (0h:3m:57s)
Wall-clock time used for tree search: 237.670 sec (0h:3m:57s)
Total CPU time used: 529.154 sec (0h:8m:49s)
Total wall-clock time used: 531.160 sec (0h:8m:51s)

Analysis results written to: 
  IQ-TREE report:                results/aligned-delim.fasta.iqtree
  Maximum-likelihood tree:       results/aligned-delim.fasta.treefile
  Likelihood distances:          results/aligned-delim.fasta.mldist
  Screen log file:               results/aligned-delim.fasta.log

Date and Time: Tue Jun  4 21:21:16 2024
