Building DAG of jobs...
Using shell: /bin/bash
Provided cores: 8
Rules claiming more threads will be scaled down.
Job stats:
job                             count
----------------------------  -------
align                               1
all                                 1
ancestral                           1
combine_intermediate_samples        1
export                              1
human                               1
not_human                           1
refine                              1
traits                              1
translate                           1
tree                                1
total                              11

Select jobs to execute...

[Fri Jun 14 19:43:15 2024]
rule not_human:
    input: ../ingest/results/sequences.fasta, results/metadata.tsv, defaults/dropped_strains.txt
    output: results/sample_strains_not_human.txt
    jobid: 7
    reason: Updated input files: defaults/dropped_strains.txt
    resources: tmpdir=/tmp


[Fri Jun 14 19:43:15 2024]
rule human:
    input: ../ingest/results/sequences.fasta, results/metadata.tsv, defaults/dropped_strains.txt
    output: results/sample_strains_human.txt
    jobid: 8
    reason: Updated input files: defaults/dropped_strains.txt
    resources: tmpdir=/tmp

[Fri Jun 14 19:43:26 2024]
Finished job 7.
1 of 11 steps (9%) done
[Fri Jun 14 19:43:26 2024]
Finished job 8.
2 of 11 steps (18%) done
Select jobs to execute...

[Fri Jun 14 19:43:26 2024]
rule combine_intermediate_samples:
    input: ../ingest/results/sequences.fasta, results/metadata.tsv, results/sample_strains_not_human.txt, results/sample_strains_human.txt
    output: results/subsampled_sequences.fasta, results/subsampled_metadata.tsv
    jobid: 5
    reason: Input files updated by another job: results/sample_strains_not_human.txt, results/sample_strains_human.txt
    resources: tmpdir=/tmp

[Fri Jun 14 19:43:31 2024]
Finished job 5.
3 of 11 steps (27%) done
Select jobs to execute...

[Fri Jun 14 19:43:31 2024]
rule align:
    input: results/subsampled_sequences.fasta, defaults/mers_reference.fasta, defaults/mers_genemap.gff
    output: results/aligned.fasta, results/insertions.tsv
    jobid: 4
    reason: Input files updated by another job: results/subsampled_sequences.fasta
    resources: tmpdir=/tmp

[Fri Jun 14 19:43:40 2024]
Finished job 4.
4 of 11 steps (36%) done
Select jobs to execute...

[Fri Jun 14 19:43:40 2024]
rule tree:
    input: results/aligned.fasta
    output: results/tree_raw.nwk
    jobid: 3
    reason: Input files updated by another job: results/aligned.fasta
    resources: tmpdir=/tmp

[Fri Jun 14 19:44:49 2024]
Finished job 3.
5 of 11 steps (45%) done
Select jobs to execute...

[Fri Jun 14 19:44:49 2024]
rule refine:
    input: results/tree_raw.nwk, results/aligned.fasta, results/subsampled_metadata.tsv
    output: results/tree.nwk, results/branch_lengths.json
    jobid: 2
    reason: Input files updated by another job: results/subsampled_metadata.tsv, results/tree_raw.nwk, results/aligned.fasta
    resources: tmpdir=/tmp

[Fri Jun 14 19:58:33 2024]
Finished job 2.
6 of 11 steps (55%) done
Select jobs to execute...

[Fri Jun 14 19:58:33 2024]
rule ancestral:
    input: results/tree.nwk, results/aligned.fasta
    output: results/nt_muts.json
    jobid: 10
    reason: Input files updated by another job: results/aligned.fasta, results/tree.nwk
    resources: tmpdir=/tmp


[Fri Jun 14 19:58:33 2024]
rule traits:
    input: results/tree.nwk, results/subsampled_metadata.tsv
    output: results/traits.json
    jobid: 9
    reason: Input files updated by another job: results/subsampled_metadata.tsv, results/tree.nwk
    resources: tmpdir=/tmp

[Fri Jun 14 19:58:58 2024]
Finished job 9.
7 of 11 steps (64%) done
[Fri Jun 14 20:00:52 2024]
Finished job 10.
8 of 11 steps (73%) done
Select jobs to execute...

[Fri Jun 14 20:00:52 2024]
rule translate:
    input: results/tree.nwk, results/nt_muts.json, defaults/mers_genemap.gff
    output: results/aa_muts.json
    jobid: 11
    reason: Input files updated by another job: results/nt_muts.json, results/tree.nwk
    resources: tmpdir=/tmp

[Fri Jun 14 20:01:23 2024]
Finished job 11.
9 of 11 steps (82%) done
Select jobs to execute...

[Fri Jun 14 20:01:23 2024]
rule export:
    input: results/tree.nwk, results/subsampled_metadata.tsv, defaults/colors.tsv, results/branch_lengths.json, results/traits.json, results/nt_muts.json, results/aa_muts.json, defaults/auspice_config.json
    output: auspice/mers.json
    jobid: 1
    reason: Input files updated by another job: results/subsampled_metadata.tsv, results/nt_muts.json, results/traits.json, results/aa_muts.json, results/tree.nwk, results/branch_lengths.json
    resources: tmpdir=/tmp

[Fri Jun 14 20:01:33 2024]
Finished job 1.
10 of 11 steps (91%) done
Select jobs to execute...

[Fri Jun 14 20:01:33 2024]
localrule all:
    input: auspice/mers.json
    jobid: 0
    reason: Input files updated by another job: auspice/mers.json
    resources: tmpdir=/tmp

[Fri Jun 14 20:01:33 2024]
Finished job 0.
11 of 11 steps (100%) done
Complete log: .snakemake/log/2024-06-14T194314.648491.snakemake.log
